2020-01-07 07:33:17 +0000  Initial pipeline context: <IDEDistributionProcessingPipelineContext: 0x7f88d4e06f10; archive(resolved)='<IDEArchive: 0x7f88d40e5730>', distributionTask(resolved)='2', distributionMethod(resolved)='<IDEDistributionMethodiOSEnterprise: 0x7f88e4ca19b0>', team(resolved)='<IDEProvisioningBasicTeam 0x7f88e4b65830: teamID: 7NHUJF7YLE, teamName: China Telecom Corporation Limited Shanghai Branch>'>
	Chain (11, self inclusive):
	<IDEDistributionProcessingPipelineContext: 0x7f88d4e06f10; archive = '<IDEArchive: 0x7f88d40e5730>', distributionMethod='<IDEDistributionMethodiOSEnterprise: 0x7f88e4ca19b0>', team='<IDEProvisioningBasicTeam 0x7f88e4b65830: teamID: 7NHUJF7YLE, teamName: China Telecom Corporation Limited Shanghai Branch>'>
	<IDEDistributionProcessingPipelineContext: 0x7f88d4dca400; archive = '<IDEArchive: 0x7f88d40e5730>', distributionMethod='<IDEDistributionMethodiOSEnterprise: 0x7f88e4ca19b0>', team='<IDEProvisioningBasicTeam 0x7f88e4b65830: teamID: 7NHUJF7YLE, teamName: China Telecom Corporation Limited Shanghai Branch>'>
	<IDEDistributionContext: 0x7f88d4e06580; archive = '<IDEArchive: 0x7f88d40e5730>', distributionMethod='<IDEDistributionMethodiOSEnterprise: 0x7f88e4ca19b0>', team='<IDEProvisioningBasicTeam 0x7f88e4b65830: teamID: 7NHUJF7YLE, teamName: China Telecom Corporation Limited Shanghai Branch>'>
	<IDEDistributionContext: 0x7f88d41f15e0; archive = '<IDEArchive: 0x7f88d40e5730>', distributionMethod='<IDEDistributionMethodiOSEnterprise: 0x7f88e4ca19b0>', team='<IDEProvisioningBasicTeam 0x7f88e4b65830: teamID: 7NHUJF7YLE, teamName: China Telecom Corporation Limited Shanghai Branch>'>
	<IDEDistributionContext: 0x7f88cff227c0; archive = '<IDEArchive: 0x7f88d40e5730>', distributionMethod='<IDEDistributionMethodiOSEnterprise: 0x7f88e4ca19b0>', team='<IDEProvisioningBasicTeam 0x7f88e4b65830: teamID: 7NHUJF7YLE, teamName: China Telecom Corporation Limited Shanghai Branch>'>
	<IDEDistributionContext: 0x7f88d49189a0; archive = '<IDEArchive: 0x7f88d40e5730>', distributionMethod='<IDEDistributionMethodiOSEnterprise: 0x7f88e4ca19b0>', team='<IDEProvisioningBasicTeam 0x7f88e4b65830: teamID: 7NHUJF7YLE, teamName: China Telecom Corporation Limited Shanghai Branch>'>
	<IDEDistributionContext: 0x7f88d4d8aa30; archive = '<IDEArchive: 0x7f88d40e5730>', distributionMethod='<IDEDistributionMethodiOSEnterprise: 0x7f88e4ca19b0>', team='<IDEProvisioningBasicTeam 0x7f88e4b65830: teamID: 7NHUJF7YLE, teamName: China Telecom Corporation Limited Shanghai Branch>'>
	<IDEDistributionContext: 0x7f88cfa515e0; archive = '<IDEArchive: 0x7f88d40e5730>', distributionMethod='<IDEDistributionMethodiOSEnterprise: 0x7f88e4ca19b0>', team='<IDEProvisioningBasicTeam 0x7f88e4b65830: teamID: 7NHUJF7YLE, teamName: China Telecom Corporation Limited Shanghai Branch>'>
	<IDEDistributionContext: 0x7f88e64b8980; archive = '<IDEArchive: 0x7f88d40e5730>', distributionMethod='<IDEDistributionMethodiOSEnterprise: 0x7f88e4ca19b0>', team='<IDEProvisioningBasicTeam 0x7f88e4b65830: teamID: 7NHUJF7YLE, teamName: China Telecom Corporation Limited Shanghai Branch>'>
	<IDEDistributionContext: 0x7f88e5120720; archive = '<IDEArchive: 0x7f88d40e5730>', distributionMethod='<IDEDistributionMethodiOSEnterprise: 0x7f88e4ca19b0>', team='(null)'>
	<IDEDistributionContext: 0x7f88e51ed5c0; archive = '<IDEArchive: 0x7f88d40e5730>', distributionMethod='(null)', team='(null)'>
</IDEDistributionProcessingPipelineContext: 0x7f88d4e06f10>
2020-01-07 07:33:17 +0000  Processing step: IDEDistributionCreateDestRootStep
2020-01-07 07:33:17 +0000  Processing step: IDEDistributionCopyItemStep
2020-01-07 07:33:17 +0000  Running /usr/bin/ditto '-V' '/Users/idealrd/Library/Developer/Xcode/Archives/2020-01-07/BluetoothLock 2020-1-7 下午3.27.xcarchive/Products/Applications/BluetoothLock.app' '/var/folders/db/68wsslkj4nb1p3tblmjqqkkr0000gn/T/XcodeDistPipeline.X1K/Root/Payload/BluetoothLock.app'
2020-01-07 07:33:17 +0000  >>> Copying /Users/idealrd/Library/Developer/Xcode/Archives/2020-01-07/BluetoothLock 2020-1-7 下午3.27.xcarchive/Products/Applications/BluetoothLock.app 
2020-01-07 07:33:17 +0000  copying file ./_CodeSignature/CodeResources ... 
2020-01-07 07:33:17 +0000  64412 bytes for ./_CodeSignature/CodeResources
2020-01-07 07:33:17 +0000  copying file ./AppIcon20x20@2x.png ... 
2020-01-07 07:33:17 +0000  2951 bytes for ./AppIcon20x20@2x.png
copying file ./AppIcon20x20@3x.png ... 
2020-01-07 07:33:17 +0000  4231 bytes for ./AppIcon20x20@3x.png
copying file ./AppIcon29x29@2x.png ... 
2020-01-07 07:33:17 +0000  4011 bytes for ./AppIcon29x29@2x.png
copying file ./AppIcon29x29@3x.png ... 
2020-01-07 07:33:17 +0000  5813 bytes for ./AppIcon29x29@3x.png
copying file ./AppIcon40x40@2x.png ... 
5502 bytes for ./AppIcon40x40@2x.png
copying file ./AppIcon40x40@3x.png ... 
2020-01-07 07:33:17 +0000  9309 bytes for ./AppIcon40x40@3x.png
copying file ./AppIcon60x60@2x.png ... 
2020-01-07 07:33:17 +0000  9309 bytes for ./AppIcon60x60@2x.png
copying file ./AppIcon60x60@3x.png ... 
15801 bytes for ./AppIcon60x60@3x.png
copying file ./archived-expanded-entitlements.xcent ... 
246 bytes for ./archived-expanded-entitlements.xcent
copying file ./Assets.car ... 
2020-01-07 07:33:17 +0000  6947320 bytes for ./Assets.car
copying file ./AuthItemCell.nib ... 
2020-01-07 07:33:17 +0000  5339 bytes for ./AuthItemCell.nib
copying file ./Base.lproj/LaunchScreen.storyboardc/01J-lp-oVM-view-Ze5-6b-2t3.nib ... 
1791 bytes for ./Base.lproj/LaunchScreen.storyboardc/01J-lp-oVM-view-Ze5-6b-2t3.nib
copying file ./Base.lproj/LaunchScreen.storyboardc/Info.plist ... 
258 bytes for ./Base.lproj/LaunchScreen.storyboardc/Info.plist
copying file ./Base.lproj/LaunchScreen.storyboardc/UIViewController-01J-lp-oVM.nib ... 
832 bytes for ./Base.lproj/LaunchScreen.storyboardc/UIViewController-01J-lp-oVM.nib
copying file ./Base.lproj/Main.storyboardc/3Bj-0g-WLM-view-Hw1-6J-WTp.nib/objects-11.0+.nib ... 
9173 bytes for ./Base.lproj/Main.storyboardc/3Bj-0g-WLM-view-Hw1-6J-WTp.nib/objects-11.0+.nib
copying file ./Base.lproj/Main.storyboardc/3Bj-0g-WLM-view-Hw1-6J-WTp.nib/runtime.nib ... 
9183 bytes for ./Base.lproj/Main.storyboardc/3Bj-0g-WLM-view-Hw1-6J-WTp.nib/runtime.nib
copying file ./Base.lproj/Main.storyboardc/3Yt-TG-lKA-view-vn7-MY-AMa.nib/objects-11.0+.nib ... 
8252 bytes for ./Base.lproj/Main.storyboardc/3Yt-TG-lKA-view-vn7-MY-AMa.nib/objects-11.0+.nib
copying file ./Base.lproj/Main.storyboardc/3Yt-TG-lKA-view-vn7-MY-AMa.nib/runtime.nib ... 
8259 bytes for ./Base.lproj/Main.storyboardc/3Yt-TG-lKA-view-vn7-MY-AMa.nib/runtime.nib
copying file ./Base.lproj/Main.storyboardc/6We-hW-9Vo-view-Pk5-W7-ULY.nib/objects-11.0+.nib ... 
7322 bytes for ./Base.lproj/Main.storyboardc/6We-hW-9Vo-view-Pk5-W7-ULY.nib/objects-11.0+.nib
copying file ./Base.lproj/Main.storyboardc/6We-hW-9Vo-view-Pk5-W7-ULY.nib/runtime.nib ... 
7324 bytes for ./Base.lproj/Main.storyboardc/6We-hW-9Vo-view-Pk5-W7-ULY.nib/runtime.nib
copying file ./Base.lproj/Main.storyboardc/AFI-og-nn3-view-Q0o-lp-7JK.nib/objects-11.0+.nib ... 
6398 bytes for ./Base.lproj/Main.storyboardc/AFI-og-nn3-view-Q0o-lp-7JK.nib/objects-11.0+.nib
copying file ./Base.lproj/Main.storyboardc/AFI-og-nn3-view-Q0o-lp-7JK.nib/runtime.nib ... 
6398 bytes for ./Base.lproj/Main.storyboardc/AFI-og-nn3-view-Q0o-lp-7JK.nib/runtime.nib
copying file ./Base.lproj/Main.storyboardc/AuthDetail.nib/objects-11.0+.nib ... 
1343 bytes for ./Base.lproj/Main.storyboardc/AuthDetail.nib/objects-11.0+.nib
copying file ./Base.lproj/Main.storyboardc/AuthDetail.nib/runtime.nib ... 
1343 bytes for ./Base.lproj/Main.storyboardc/AuthDetail.nib/runtime.nib
copying file ./Base.lproj/Main.storyboardc/ay1-bc-sVu-view-fNf-wb-Yfc.nib/objects-11.0+.nib ... 
7815 bytes for ./Base.lproj/Main.storyboardc/ay1-bc-sVu-view-fNf-wb-Yfc.nib/objects-11.0+.nib
copying file ./Base.lproj/Main.storyboardc/ay1-bc-sVu-view-fNf-wb-Yfc.nib/runtime.nib ... 
7820 bytes for ./Base.lproj/Main.storyboardc/ay1-bc-sVu-view-fNf-wb-Yfc.nib/runtime.nib
copying file ./Base.lproj/Main.storyboardc/bfh-uI-WR2-view-e6U-C0-tcH.nib/objects-11.0+.nib ... 
9328 bytes for ./Base.lproj/Main.storyboardc/bfh-uI-WR2-view-e6U-C0-tcH.nib/objects-11.0+.nib
copying file ./Base.lproj/Main.storyboardc/bfh-uI-WR2-view-e6U-C0-tcH.nib/runtime.nib ... 
9330 bytes for ./Base.lproj/Main.storyboardc/bfh-uI-WR2-view-e6U-C0-tcH.nib/runtime.nib
copying file ./Base.lproj/Main.storyboardc/Bluetooth.nib/objects-11.0+.nib ... 
1157 bytes for ./Base.lproj/Main.storyboardc/Bluetooth.nib/objects-11.0+.nib
copying file ./Base.lproj/Main.storyboardc/Bluetooth.nib/runtime.nib ... 
1157 bytes for ./Base.lproj/Main.storyboardc/Bluetooth.nib/runtime.nib
copying file ./Base.lproj/Main.storyboardc/BluetoothConnect.nib/objects-11.0+.nib ... 
1166 bytes for ./Base.lproj/Main.storyboardc/BluetoothConnect.nib/objects-11.0+.nib
copying file ./Base.lproj/Main.storyboardc/BluetoothConnect.nib/runtime.nib ... 
1166 bytes for ./Base.lproj/Main.storyboardc/BluetoothConnect.nib/runtime.nib
copying file ./Base.lproj/Main.storyboardc/BluetoothUnregistered.nib/objects-11.0+.nib ... 
1482 bytes for ./Base.lproj/Main.storyboardc/BluetoothUnregistered.nib/objects-11.0+.nib
copying file ./Base.lproj/Main.storyboardc/BluetoothUnregistered.nib/runtime.nib ... 
1482 bytes for ./Base.lproj/Main.storyboardc/BluetoothUnregistered.nib/runtime.nib
copying file ./Base.lproj/Main.storyboardc/BQw-bX-DXP-view-vXc-qW-dMC.nib/objects
2020-01-07 07:33:17 +0000  -11.0+.nib ... 
11270 bytes for ./Base.lproj/Main.storyboardc/BQw-bX-DXP-view-vXc-qW-dMC.nib/objects-11.0+.nib
copying file ./Base.lproj/Main.storyboardc/BQw-bX-DXP-view-vXc-qW-dMC.nib/runtime.nib ... 
11259 bytes for ./Base.lproj/Main.storyboardc/BQw-bX-DXP-view-vXc-qW-dMC.nib/runtime.nib
copying file ./Base.lproj/Main.storyboardc/BYZ-38-t0r-view-8bC-Xf-vdC.nib/objects-11.0+.nib ... 
5221 bytes for ./Base.lproj/Main.storyboardc/BYZ-38-t0r-view-8bC-Xf-vdC.nib/objects-11.0+.nib
copying file ./Base.lproj/Main.storyboardc/BYZ-38-t0r-view-8bC-Xf-vdC.nib/runtime.nib ... 
5222 bytes for ./Base.lproj/Main.storyboardc/BYZ-38-t0r-view-8bC-Xf-vdC.nib/runtime.nib
copying file ./Base.lproj/Main.storyboardc/cCz-gO-LoI-view-gPP-79-9hD.nib/objects-11.0+.nib ... 
3161 bytes for ./Base.lproj/Main.storyboardc/cCz-gO-LoI-view-gPP-79-9hD.nib/objects-11.0+.nib
copying file ./Base.lproj/Main.storyboardc/cCz-gO-LoI-view-gPP-79-9hD.nib/runtime.nib ... 
3164 bytes for ./Base.lproj/Main.storyboardc/cCz-gO-LoI-view-gPP-79-9hD.nib/runtime.nib
copying file ./Base.lproj/Main.storyboardc/cyV-IF-FJV-view-mnn-VT-bCs.nib/objects-11.0+.nib ... 
7802 bytes for ./Base.lproj/Main.storyboardc/cyV-IF-FJV-view-mnn-VT-bCs.nib/objects-11.0+.nib
copying file ./Base.lproj/Main.storyboardc/cyV-IF-FJV-view-mnn-VT-bCs.nib/runtime.nib ... 
7814 bytes for ./Base.lproj/Main.storyboardc/cyV-IF-FJV-view-mnn-VT-bCs.nib/runtime.nib
copying file ./Base.lproj/Main.storyboardc/elX-id-9Tt-view-aYL-bR-png.nib/objects-11.0+.nib ... 
8727 bytes for ./Base.lproj/Main.storyboardc/elX-id-9Tt-view-aYL-bR-png.nib/objects-11.0+.nib
copying file ./Base.lproj/Main.storyboardc/elX-id-9Tt-view-aYL-bR-png.nib/runtime.nib ... 
8715 bytes for ./Base.lproj/Main.storyboardc/elX-id-9Tt-view-aYL-bR-png.nib/runtime.nib
copying file ./Base.lproj/Main.storyboardc/eqb-d6-CRB-view-AYO-P3-raV.nib/objects-11.0+.nib ... 
9012 bytes for ./Base.lproj/Main.storyboardc/eqb-d6-CRB-view-AYO-P3-raV.nib/objects-11.0+.nib
copying file ./Base.lproj/Main.storyboardc/eqb-d6-CRB-view-AYO-P3-raV.nib/runtime.nib ... 
9133 bytes for ./Base.lproj/Main.storyboardc/eqb-d6-CRB-view-AYO-P3-raV.nib/runtime.nib
copying file ./Base.lproj/Main.storyboardc/etB-vz-ZIp-view-Weh-xL-7Vj.nib/objects-11.0+.nib ... 
10122 bytes for ./Base.lproj/Main.storyboardc/etB-vz-ZIp-view-Weh-xL-7Vj.nib/objects-11.0+.nib
copying file ./Base.lproj/Main.storyboardc/etB-vz-ZIp-view-Weh-xL-7Vj.nib/runtime.nib ... 
10129 bytes for ./Base.lproj/Main.storyboardc/etB-vz-ZIp-view-Weh-xL-7Vj.nib/runtime.nib
copying file ./Base.lproj/Main.storyboardc/FRb-3X-BOH-view-WM6-Yy-rdP.nib/objects-11.0+.nib ... 
1804 bytes for ./Base.lproj/Main.storyboardc/FRb-3X-BOH-view-WM6-Yy-rdP.nib/objects-11.0+.nib
copying file ./Base.lproj/Main.storyboardc/FRb-3X-BOH-view-WM6-Yy-rdP.nib/runtime.nib ... 
1806 bytes for ./Base.lproj/Main.storyboardc/FRb-3X-BOH-view-WM6-Yy-rdP.nib/runtime.nib
copying file ./Base.lproj/Main.storyboardc/g3o-cM-BcG-view-NIU-c1-rjd.nib/objects-11.0+.nib ... 
10892 bytes for ./Base.lproj/Main.storyboardc/g3o-cM-BcG-view-NIU-c1-rjd.nib/objects-11.0+.nib
copying file ./Base.lproj/Main.storyboardc/g3o-cM-BcG-view-NIU-c1-rjd.nib/runtime.nib ... 
10889 bytes for ./Base.lproj/Main.storyboardc/g3o-cM-BcG-view-NIU-c1-rjd.nib/runtime.nib
copying file ./Base.lproj/Main.storyboardc/iKe-gv-aRS-view-1tp-wE-3GU.nib/objects-11.0+.nib ... 
10797 bytes for ./Base.lproj/Main.storyboardc/iKe-gv-aRS-view-1tp-wE-3GU.nib/objects-11.0+.nib
copying file ./Base.lproj/Main.storyboardc/iKe-gv-aRS-view-1tp-wE-3GU.nib/runtime.nib ... 
10812 bytes for ./Base.lproj/Main.storyboardc/iKe-gv-aRS-view-1tp-wE-3GU.nib/runtime.nib
copying file ./Base.lproj/Main.storyboardc/Info.plist ... 
1627 bytes for ./Base.lproj/Main.storyboardc/Info.plist
copying file ./Base.lproj/Main.storyboardc/kjp-sv-0iq-view-ItJ-FT-H4k.nib/objects-11.0+.nib ... 
2803 bytes for ./Base.lproj/Main.storyboardc/kjp-sv-0iq-view-ItJ-FT-H4k.nib/objects-11.0+.nib
copying file ./Base.lproj/Main.storyboardc/kjp-sv-0iq-view-ItJ-FT-H4k.nib/runtime.nib ... 
2807 bytes for ./Base.lproj/Main.storyboardc/kjp-sv-0iq-view-ItJ-FT-H4k.
2020-01-07 07:33:17 +0000  nib/runtime.nib
copying file ./Base.lproj/Main.storyboardc/Login.nib/objects-11.0+.nib ... 
1009 bytes for ./Base.lproj/Main.storyboardc/Login.nib/objects-11.0+.nib
copying file ./Base.lproj/Main.storyboardc/Login.nib/runtime.nib ... 
1009 bytes for ./Base.lproj/Main.storyboardc/Login.nib/runtime.nib
copying file ./Base.lproj/Main.storyboardc/MainMenu.nib/objects-11.0+.nib ... 
6649 bytes for ./Base.lproj/Main.storyboardc/MainMenu.nib/objects-11.0+.nib
copying file ./Base.lproj/Main.storyboardc/MainMenu.nib/runtime.nib ... 
6639 bytes for ./Base.lproj/Main.storyboardc/MainMenu.nib/runtime.nib
copying file ./Base.lproj/Main.storyboardc/mHM-4Y-ZOt-view-DvC-OW-1gz.nib/objects-11.0+.nib ... 
12399 bytes for ./Base.lproj/Main.storyboardc/mHM-4Y-ZOt-view-DvC-OW-1gz.nib/objects-11.0+.nib
copying file ./Base.lproj/Main.storyboardc/mHM-4Y-ZOt-view-DvC-OW-1gz.nib/runtime.nib ... 
12386 bytes for ./Base.lproj/Main.storyboardc/mHM-4Y-ZOt-view-DvC-OW-1gz.nib/runtime.nib
copying file ./Base.lproj/Main.storyboardc/MonitoringRecords.nib/objects-11.0+.nib ... 
1357 bytes for ./Base.lproj/Main.storyboardc/MonitoringRecords.nib/objects-11.0+.nib
copying file ./Base.lproj/Main.storyboardc/MonitoringRecords.nib/runtime.nib ... 
1357 bytes for ./Base.lproj/Main.storyboardc/MonitoringRecords.nib/runtime.nib
copying file ./Base.lproj/Main.storyboardc/mQT-BC-B0x-view-5bH-GG-2Qq.nib/objects-11.0+.nib ... 
6437 bytes for ./Base.lproj/Main.storyboardc/mQT-BC-B0x-view-5bH-GG-2Qq.nib/objects-11.0+.nib
copying file ./Base.lproj/Main.storyboardc/mQT-BC-B0x-view-5bH-GG-2Qq.nib/runtime.nib ... 
6440 bytes for ./Base.lproj/Main.storyboardc/mQT-BC-B0x-view-5bH-GG-2Qq.nib/runtime.nib
copying file ./Base.lproj/Main.storyboardc/OpenSearch.nib/objects-11.0+.nib ... 
1048 bytes for ./Base.lproj/Main.storyboardc/OpenSearch.nib/objects-11.0+.nib
copying file ./Base.lproj/Main.storyboardc/OpenSearch.nib/runtime.nib ... 
1048 bytes for ./Base.lproj/Main.storyboardc/OpenSearch.nib/runtime.nib
copying file ./Base.lproj/Main.storyboardc/OXj-aQ-Tz9-view-Dp4-TY-Kd8.nib/objects-11.0+.nib ... 
4565 bytes for ./Base.lproj/Main.storyboardc/OXj-aQ-Tz9-view-Dp4-TY-Kd8.nib/objects-11.0+.nib
copying file ./Base.lproj/Main.storyboardc/OXj-aQ-Tz9-view-Dp4-TY-Kd8.nib/runtime.nib ... 
4569 bytes for ./Base.lproj/Main.storyboardc/OXj-aQ-Tz9-view-Dp4-TY-Kd8.nib/runtime.nib
copying file ./Base.lproj/Main.storyboardc/qD1-uC-whA-view-ikf-7d-yAK.nib/objects-11.0+.nib ... 
14542 bytes for ./Base.lproj/Main.storyboardc/qD1-uC-whA-view-ikf-7d-yAK.nib/objects-11.0+.nib
copying file ./Base.lproj/Main.storyboardc/qD1-uC-whA-view-ikf-7d-yAK.nib/runtime.nib ... 
14552 bytes for ./Base.lproj/Main.storyboardc/qD1-uC-whA-view-ikf-7d-yAK.nib/runtime.nib
copying file ./Base.lproj/Main.storyboardc/QFn-1v-38c-view-Lxv-BN-dSh.nib/objects-11.0+.nib ... 
8738 bytes for ./Base.lproj/Main.storyboardc/QFn-1v-38c-view-Lxv-BN-dSh.nib/objects-11.0+.nib
copying file ./Base.lproj/Main.storyboardc/QFn-1v-38c-view-Lxv-BN-dSh.nib/runtime.nib ... 
8751 bytes for ./Base.lproj/Main.storyboardc/QFn-1v-38c-view-Lxv-BN-dSh.nib/runtime.nib
copying file ./Base.lproj/Main.storyboardc/RemoteControl.nib/objects-11.0+.nib ... 
1347 bytes for ./Base.lproj/Main.storyboardc/RemoteControl.nib/objects-11.0+.nib
copying file ./Base.lproj/Main.storyboardc/RemoteControl.nib/runtime.nib ... 
1347 bytes for ./Base.lproj/Main.storyboardc/RemoteControl.nib/runtime.nib
copying file ./Base.lproj/Main.storyboardc/s6H-od-GzH-view-2yL-Pu-O6A.nib/objects-11.0+.nib ... 
8636 bytes for ./Base.lproj/Main.storyboardc/s6H-od-GzH-view-2yL-Pu-O6A.nib/objects-11.0+.nib
copying file ./Base.lproj/Main.storyboardc/s6H-od-GzH-view-2yL-Pu-O6A.nib/runtime.nib ... 
8624 bytes for ./Base.lproj/Main.storyboardc/s6H-od-GzH-view-2yL-Pu-O6A.nib/runtime.nib
copying file ./Base.lproj/Main.storyboardc/Smk-Xd-ufy-view-1bz-QE-Km8.nib/objects-11.0+.nib ... 
4586 bytes for ./Base.lproj/Main.storyboardc/Smk-Xd-ufy-view-1bz-QE-Km8.nib/objects-11.0+.nib
copying file ./Base.lproj/Main.storyboardc/Smk-Xd-ufy-view-1bz-QE-Km8.nib/runtime.nib ... 
4589 bytes for ./Base.lproj/Main
2020-01-07 07:33:17 +0000  .storyboardc/Smk-Xd-ufy-view-1bz-QE-Km8.nib/runtime.nib
copying file ./Base.lproj/Main.storyboardc/StatusSearch.nib/objects-11.0+.nib ... 
1347 bytes for ./Base.lproj/Main.storyboardc/StatusSearch.nib/objects-11.0+.nib
copying file ./Base.lproj/Main.storyboardc/StatusSearch.nib/runtime.nib ... 
1347 bytes for ./Base.lproj/Main.storyboardc/StatusSearch.nib/runtime.nib
copying file ./Base.lproj/Main.storyboardc/tgD-YS-Uc8-view-bGL-Zk-z01.nib/objects-11.0+.nib ... 
8617 bytes for ./Base.lproj/Main.storyboardc/tgD-YS-Uc8-view-bGL-Zk-z01.nib/objects-11.0+.nib
copying file ./Base.lproj/Main.storyboardc/tgD-YS-Uc8-view-bGL-Zk-z01.nib/runtime.nib ... 
8622 bytes for ./Base.lproj/Main.storyboardc/tgD-YS-Uc8-view-bGL-Zk-z01.nib/runtime.nib
copying file ./Base.lproj/Main.storyboardc/UIViewController-3Yt-TG-lKA.nib/objects-11.0+.nib ... 
1422 bytes for ./Base.lproj/Main.storyboardc/UIViewController-3Yt-TG-lKA.nib/objects-11.0+.nib
copying file ./Base.lproj/Main.storyboardc/UIViewController-3Yt-TG-lKA.nib/runtime.nib ... 
1422 bytes for ./Base.lproj/Main.storyboardc/UIViewController-3Yt-TG-lKA.nib/runtime.nib
copying file ./Base.lproj/Main.storyboardc/UIViewController-AFI-og-nn3.nib/objects-11.0+.nib ... 
1238 bytes for ./Base.lproj/Main.storyboardc/UIViewController-AFI-og-nn3.nib/objects-11.0+.nib
copying file ./Base.lproj/Main.storyboardc/UIViewController-AFI-og-nn3.nib/runtime.nib ... 
1238 bytes for ./Base.lproj/Main.storyboardc/UIViewController-AFI-og-nn3.nib/runtime.nib
copying file ./Base.lproj/Main.storyboardc/UIViewController-ay1-bc-sVu.nib/objects-11.0+.nib ... 
1449 bytes for ./Base.lproj/Main.storyboardc/UIViewController-ay1-bc-sVu.nib/objects-11.0+.nib
copying file ./Base.lproj/Main.storyboardc/UIViewController-ay1-bc-sVu.nib/runtime.nib ... 
1449 bytes for ./Base.lproj/Main.storyboardc/UIViewController-ay1-bc-sVu.nib/runtime.nib
copying file ./Base.lproj/Main.storyboardc/UIViewController-cCz-gO-LoI.nib/objects-11.0+.nib ... 
1502 bytes for ./Base.lproj/Main.storyboardc/UIViewController-cCz-gO-LoI.nib/objects-11.0+.nib
copying file ./Base.lproj/Main.storyboardc/UIViewController-cCz-gO-LoI.nib/runtime.nib ... 
1502 bytes for ./Base.lproj/Main.storyboardc/UIViewController-cCz-gO-LoI.nib/runtime.nib
copying file ./Base.lproj/Main.storyboardc/UIViewController-cyV-IF-FJV.nib/objects-11.0+.nib ... 
971 bytes for ./Base.lproj/Main.storyboardc/UIViewController-cyV-IF-FJV.nib/objects-11.0+.nib
copying file ./Base.lproj/Main.storyboardc/UIViewController-cyV-IF-FJV.nib/runtime.nib ... 
971 bytes for ./Base.lproj/Main.storyboardc/UIViewController-cyV-IF-FJV.nib/runtime.nib
copying file ./Base.lproj/Main.storyboardc/UIViewController-FRb-3X-BOH.nib/objects-11.0+.nib ... 
1356 bytes for ./Base.lproj/Main.storyboardc/UIViewController-FRb-3X-BOH.nib/objects-11.0+.nib
copying file ./Base.lproj/Main.storyboardc/UIViewController-FRb-3X-BOH.nib/runtime.nib ... 
1356 bytes for ./Base.lproj/Main.storyboardc/UIViewController-FRb-3X-BOH.nib/runtime.nib
copying file ./Base.lproj/Main.storyboardc/UIViewController-g3o-cM-BcG.nib/objects-11.0+.nib ... 
1176 bytes for ./Base.lproj/Main.storyboardc/UIViewController-g3o-cM-BcG.nib/objects-11.0+.nib
copying file ./Base.lproj/Main.storyboardc/UIViewController-g3o-cM-BcG.nib/runtime.nib ... 
1176 bytes for ./Base.lproj/Main.storyboardc/UIViewController-g3o-cM-BcG.nib/runtime.nib
copying file ./Base.lproj/Main.storyboardc/UIViewController-kjp-sv-0iq.nib/objects-11.0+.nib ... 
973 bytes for ./Base.lproj/Main.storyboardc/UIViewController-kjp-sv-0iq.nib/objects-11.0+.nib
copying file ./Base.lproj/Main.storyboardc/UIViewController-kjp-sv-0iq.nib/runtime.nib ... 
973 bytes for ./Base.lproj/Main.storyboardc/UIViewController-kjp-sv-0iq.nib/runtime.nib
copying file ./Base.lproj/Main.storyboardc/UIViewController-mQT-BC-B0x.nib/objects-11.0+.nib ... 
1238 bytes for ./Base.lproj/Main.storyboardc/UIViewController-mQT-BC-B0x.nib/objects-11.0+.nib
copying file ./Base.lproj/Main.storyboardc/UIViewController-mQT-BC-B0x.nib/runtime.nib ... 
1238 bytes for ./Base.lproj/Main.storyboardc/UIViewController-mQT-BC-B0x.nib/runtim
2020-01-07 07:33:17 +0000  e.nib
copying file ./Base.lproj/Main.storyboardc/UIViewController-OXj-aQ-Tz9.nib/objects-11.0+.nib ... 
1120 bytes for ./Base.lproj/Main.storyboardc/UIViewController-OXj-aQ-Tz9.nib/objects-11.0+.nib
copying file ./Base.lproj/Main.storyboardc/UIViewController-OXj-aQ-Tz9.nib/runtime.nib ... 
1120 bytes for ./Base.lproj/Main.storyboardc/UIViewController-OXj-aQ-Tz9.nib/runtime.nib
copying file ./Base.lproj/Main.storyboardc/UIViewController-qD1-uC-whA.nib/objects-11.0+.nib ... 
1417 bytes for ./Base.lproj/Main.storyboardc/UIViewController-qD1-uC-whA.nib/objects-11.0+.nib
copying file ./Base.lproj/Main.storyboardc/UIViewController-qD1-uC-whA.nib/runtime.nib ... 
1417 bytes for ./Base.lproj/Main.storyboardc/UIViewController-qD1-uC-whA.nib/runtime.nib
copying file ./Base.lproj/Main.storyboardc/UIViewController-s6H-od-GzH.nib/objects-11.0+.nib ... 
1244 bytes for ./Base.lproj/Main.storyboardc/UIViewController-s6H-od-GzH.nib/objects-11.0+.nib
copying file ./Base.lproj/Main.storyboardc/UIViewController-s6H-od-GzH.nib/runtime.nib ... 
1244 bytes for ./Base.lproj/Main.storyboardc/UIViewController-s6H-od-GzH.nib/runtime.nib
copying file ./Base.lproj/Main.storyboardc/UIViewController-Smk-Xd-ufy.nib/objects-11.0+.nib ... 
1124 bytes for ./Base.lproj/Main.storyboardc/UIViewController-Smk-Xd-ufy.nib/objects-11.0+.nib
copying file ./Base.lproj/Main.storyboardc/UIViewController-Smk-Xd-ufy.nib/runtime.nib ... 
1124 bytes for ./Base.lproj/Main.storyboardc/UIViewController-Smk-Xd-ufy.nib/runtime.nib
copying file ./Base.lproj/Main.storyboardc/UIViewController-tgD-YS-Uc8.nib/objects-11.0+.nib ... 
1004 bytes for ./Base.lproj/Main.storyboardc/UIViewController-tgD-YS-Uc8.nib/objects-11.0+.nib
copying file ./Base.lproj/Main.storyboardc/UIViewController-tgD-YS-Uc8.nib/runtime.nib ... 
1004 bytes for ./Base.lproj/Main.storyboardc/UIViewController-tgD-YS-Uc8.nib/runtime.nib
copying file ./Base.lproj/Main.storyboardc/UIViewController-WWC-69-VwQ.nib/objects-11.0+.nib ... 
1445 bytes for ./Base.lproj/Main.storyboardc/UIViewController-WWC-69-VwQ.nib/objects-11.0+.nib
copying file ./Base.lproj/Main.storyboardc/UIViewController-WWC-69-VwQ.nib/runtime.nib ... 
1445 bytes for ./Base.lproj/Main.storyboardc/UIViewController-WWC-69-VwQ.nib/runtime.nib
copying file ./Base.lproj/Main.storyboardc/UIViewController-Z2u-yD-kZj.nib/objects-11.0+.nib ... 
1119 bytes for ./Base.lproj/Main.storyboardc/UIViewController-Z2u-yD-kZj.nib/objects-11.0+.nib
copying file ./Base.lproj/Main.storyboardc/UIViewController-Z2u-yD-kZj.nib/runtime.nib ... 
1119 bytes for ./Base.lproj/Main.storyboardc/UIViewController-Z2u-yD-kZj.nib/runtime.nib
copying file ./Base.lproj/Main.storyboardc/UIViewController-Z6K-9h-535.nib/objects-11.0+.nib ... 
1415 bytes for ./Base.lproj/Main.storyboardc/UIViewController-Z6K-9h-535.nib/objects-11.0+.nib
copying file ./Base.lproj/Main.storyboardc/UIViewController-Z6K-9h-535.nib/runtime.nib ... 
1415 bytes for ./Base.lproj/Main.storyboardc/UIViewController-Z6K-9h-535.nib/runtime.nib
copying file ./Base.lproj/Main.storyboardc/vvV-Y6-IJ5-view-V6H-tx-wCm.nib/objects-11.0+.nib ... 
1803 bytes for ./Base.lproj/Main.storyboardc/vvV-Y6-IJ5-view-V6H-tx-wCm.nib/objects-11.0+.nib
copying file ./Base.lproj/Main.storyboardc/vvV-Y6-IJ5-view-V6H-tx-wCm.nib/runtime.nib ... 
1806 bytes for ./Base.lproj/Main.storyboardc/vvV-Y6-IJ5-view-V6H-tx-wCm.nib/runtime.nib
copying file ./Base.lproj/Main.storyboardc/WWC-69-VwQ-view-9fx-6h-5DD.nib/objects-11.0+.nib ... 
11286 bytes for ./Base.lproj/Main.storyboardc/WWC-69-VwQ-view-9fx-6h-5DD.nib/objects-11.0+.nib
copying file ./Base.lproj/Main.storyboardc/WWC-69-VwQ-view-9fx-6h-5DD.nib/runtime.nib ... 
11285 bytes for ./Base.lproj/Main.storyboardc/WWC-69-VwQ-view-9fx-6h-5DD.nib/runtime.nib
copying file ./Base.lproj/Main.storyboardc/Yqc-hm-So7-view-uw0-3L-yAc.nib/objects-11.0+.nib ... 
5972 bytes for ./Base.lproj/Main.storyboardc/Yqc-hm-So7-view-uw0-3L-yAc.nib/objects-11.0+.nib
copying file ./Base.lproj/Main.storyboardc/Yqc-hm-So7-view-uw0-3L-yAc.nib/runtime.nib ... 
5980 bytes for ./Base.lproj/Main.storyboardc/Yqc-hm-So7-view-uw0-3L-yAc.ni
2020-01-07 07:33:17 +0000  b/runtime.nib
copying file ./Base.lproj/Main.storyboardc/Z2u-yD-kZj-view-6iZ-XW-ytM.nib/objects-11.0+.nib ... 
2802 bytes for ./Base.lproj/Main.storyboardc/Z2u-yD-kZj-view-6iZ-XW-ytM.nib/objects-11.0+.nib
copying file ./Base.lproj/Main.storyboardc/Z2u-yD-kZj-view-6iZ-XW-ytM.nib/runtime.nib ... 
2805 bytes for ./Base.lproj/Main.storyboardc/Z2u-yD-kZj-view-6iZ-XW-ytM.nib/runtime.nib
copying file ./Base.lproj/Main.storyboardc/Z6K-9h-535-view-VCR-pA-S0J.nib/objects-11.0+.nib ... 
14465 bytes for ./Base.lproj/Main.storyboardc/Z6K-9h-535-view-VCR-pA-S0J.nib/objects-11.0+.nib
copying file ./Base.lproj/Main.storyboardc/Z6K-9h-535-view-VCR-pA-S0J.nib/runtime.nib ... 
2020-01-07 07:33:17 +0000  14479 bytes for ./Base.lproj/Main.storyboardc/Z6K-9h-535-view-VCR-pA-S0J.nib/runtime.nib
copying file ./BluetoothListCell.nib ... 
3586 bytes for ./BluetoothListCell.nib
copying file ./BluetoothLock ... 
2020-01-07 07:33:17 +0000  3725120 bytes for ./BluetoothLock
2020-01-07 07:33:17 +0000  copying file ./BPushCerResource.bundle/BPushVerisignroot.der ... 
1239 bytes for ./BPushCerResource.bundle/BPushVerisignroot.der
copying file ./close.png ... 
438 bytes for ./close.png
copying file ./close@2x.png ... 
800 bytes for ./close@2x.png
copying file ./close@3x.png ... 
1243 bytes for ./close@3x.png
copying file ./embedded.mobileprovision ... 
7443 bytes for ./embedded.mobileprovision
copying file ./HWCollectionViewCell.nib ... 
3188 bytes for ./HWCollectionViewCell.nib
copying file ./ico_check_nomal.png ... 
598 bytes for ./ico_check_nomal.png
copying file ./ico_check_nomal@2x.png ... 
1204 bytes for ./ico_check_nomal@2x.png
copying file ./ico_check_nomal@3x.png ... 
2040 bytes for ./ico_check_nomal@3x.png
copying file ./ico_check_select.png ... 
506 bytes for ./ico_check_select.png
copying file ./ico_check_select@2x.png ... 
1002 bytes for ./ico_check_select@2x.png
copying file ./ico_check_select@3x.png ... 
1572 bytes for ./ico_check_select@3x.png
copying file ./Info.plist ... 
2053 bytes for ./Info.plist
copying file ./LaunchImage-1100-Portrait-2436h@3x.png ... 
736188 bytes for ./LaunchImage-1100-Portrait-2436h@3x.png
copying file ./LaunchImage-700-568h@2x.png ... 
255944 bytes for ./LaunchImage-700-568h@2x.png
copying file ./LaunchImage-700@2x.png ... 
264513 bytes for ./LaunchImage-700@2x.png
copying file ./LaunchImage-800-667h@2x.png ... 
289807 bytes for ./LaunchImage-800-667h@2x.png
copying file ./LaunchImage-800-Portrait-736h@3x.png ... 
523836 bytes for ./LaunchImage-800-Portrait-736h@3x.png
copying file ./MainCollectionViewCell.nib ... 
2911 bytes for ./MainCollectionViewCell.nib
copying file ./messageIn.caf ... 
162856 bytes for ./messageIn.caf
copying file ./MGroupCell.nib ... 
2964 bytes for ./MGroupCell.nib
copying file ./MImaCell.nib ... 
3219 bytes for ./MImaCell.nib
copying file ./MJRefresh.bundle/arrow@2x.png ... 
1033 bytes for ./MJRefresh.bundle/arrow@2x.png
copying file ./MJRefresh.bundle/en.lproj/Localizable.strings ... 
1372 bytes for ./MJRefresh.bundle/en.lproj/Localizable.strings
copying file ./MJRefresh.bundle/zh-Hans.lproj/Localizable.strings ... 
1194 bytes for ./MJRefresh.bundle/zh-Hans.lproj/Localizable.strings
copying file ./MJRefresh.bundle/zh-Hant.lproj/Localizable.strings ... 
773 bytes for ./MJRefresh.bundle/zh-Hant.lproj/Localizable.strings
copying file ./none.png ... 
2825 bytes for ./none.png
copying file ./PkgInfo ... 
8 bytes for ./PkgInfo
copying file ./plus.png ... 
787 bytes for ./plus.png
copying file ./plus@2x.png ... 
1396 bytes for ./plus@2x.png
copying file ./plus@3x.png ... 
2161 bytes for ./plus@3x.png
copying file ./scanFlashlight@2x.png ... 
5994 bytes for ./scanFlashlight@2x.png
copying file ./scanFlashlight@3x.png ... 
7663 bytes for ./scanFlashlight@3x.png
copying file ./scanLine@2x.png ... 
2020-01-07 07:33:17 +0000  /usr/bin/ditto exited with 0
2020-01-07 07:33:17 +0000  8866 bytes for ./scanLine@2x.png
copying file ./test.caf ... 
1060562 bytes for ./test.caf
copying file ./WarningItemCell.nib ... 
6186 bytes for ./WarningItemCell.nib
copying file ./WarningTreatedCell.nib ... 
7201 bytes for ./WarningTreatedCell.nib
copying file ./WarningUntreatedCell.nib ... 
7384 bytes for ./WarningUntreatedCell.nib
copying file ./WarnPopupView.nib ... 
6170 bytes for ./WarnPopupView.nib
2020-01-07 07:33:17 +0000  Processing step: IDEDistributionEmbedProfileStep
2020-01-07 07:33:17 +0000  Processing step: IDEDistributionAppThinningPlistStep
2020-01-07 07:33:17 +0000  Skipping step: IDEDistributionAppThinningPlistStep because it said so
2020-01-07 07:33:17 +0000  Processing step: IDEDistributionCompileBitcodeStep
2020-01-07 07:33:17 +0000  Skipping step: IDEDistributionCompileBitcodeStep because it said so
2020-01-07 07:33:17 +0000  Processing step: IDEDistributionCodeSlimmingStep
2020-01-07 07:33:17 +0000  Processing step: IDEDistributionCopyBCSymbolMapsStep
2020-01-07 07:33:17 +0000  Skipping step: IDEDistributionCopyBCSymbolMapsStep because it said so
2020-01-07 07:33:17 +0000  Processing step: IDEDistributionSymbolsStep
2020-01-07 07:33:17 +0000  Skipping step: IDEDistributionSymbolsStep because it said so
2020-01-07 07:33:17 +0000  Processing step: IDEDistributionAppThinningStep
2020-01-07 07:33:17 +0000  Skipping step: IDEDistributionAppThinningStep because it said so
2020-01-07 07:33:17 +0000  Processing step: IDEDistributionODRStep
2020-01-07 07:33:17 +0000  Processing step: IDEDistributionStripXattrsStep
2020-01-07 07:33:17 +0000  Running /usr/bin/xattr '-crs' '/var/folders/db/68wsslkj4nb1p3tblmjqqkkr0000gn/T/XcodeDistPipeline.X1K/Root/Payload/BluetoothLock.app'
2020-01-07 07:33:20 +0000  /usr/bin/xattr exited with 0
2020-01-07 07:33:20 +0000  Processing step: IDEDistributionCodesignStep
2020-01-07 07:33:20 +0000  Applying entitlements delta for <IDEDistributionItem: 0x7f88e51e53c0 'com.ideal.GJBluetoothLock' '<DVTFilePath:0x7f88ecf315a0:'/Users/idealrd/Library/Developer/Xcode/Archives/2020-01-07/BluetoothLock 2020-1-7 下午3.27.xcarchive/Products/Applications/BluetoothLock.app'>'> from <IDEiCloudEntitlementsProcessor: 0x7f88e3f0e2e0>: {
}
2020-01-07 07:33:20 +0000  Entitlements for <IDEDistributionItem: 0x7f88e51e53c0 'com.ideal.GJBluetoothLock' '<DVTFilePath:0x7f88ecf315a0:'/Users/idealrd/Library/Developer/Xcode/Archives/2020-01-07/BluetoothLock 2020-1-7 下午3.27.xcarchive/Products/Applications/BluetoothLock.app'>'>: {
    "application-identifier" = "7NHUJF7YLE.com.ideal.GJBluetoothLock";
    "aps-environment" = production;
    "com.apple.developer.team-identifier" = 7NHUJF7YLE;
    "get-task-allow" = 0;
}
2020-01-07 07:33:20 +0000  Writing entitlements for <IDEDistributionItem: 0x7f88e51e53c0 'com.ideal.GJBluetoothLock' '<DVTFilePath:0x7f88ecf315a0:'/Users/idealrd/Library/Developer/Xcode/Archives/2020-01-07/BluetoothLock 2020-1-7 下午3.27.xcarchive/Products/Applications/BluetoothLock.app'>'> to: /var/folders/db/68wsslkj4nb1p3tblmjqqkkr0000gn/T/XcodeDistPipeline.X1K/entitlementsMPSHJK
2020-01-07 07:33:20 +0000  Running /usr/bin/codesign '-vvv' '--force' '--sign' '89014E2BBFC20185A4DF4F7092C9C566D79FC21E' '--preserve-metadata=identifier,flags' '--entitlements' '/var/folders/db/68wsslkj4nb1p3tblmjqqkkr0000gn/T/XcodeDistPipeline.X1K/entitlementsMPSHJK' '/var/folders/db/68wsslkj4nb1p3tblmjqqkkr0000gn/T/XcodeDistPipeline.X1K/Root/Payload/BluetoothLock.app'
2020-01-07 07:33:21 +0000  /var/folders/db/68wsslkj4nb1p3tblmjqqkkr0000gn/T/XcodeDistPipeline.X1K/Root/Payload/BluetoothLock.app: replacing existing signature
2020-01-07 07:33:21 +0000  /var/folders/db/68wsslkj4nb1p3tblmjqqkkr0000gn/T/XcodeDistPipeline.X1K/Root/Payload/BluetoothLock.app: signed app bundle with Mach-O universal (armv7 arm64) [com.ideal.GJBluetoothLock]
2020-01-07 07:33:21 +0000  /usr/bin/codesign exited with 0
2020-01-07 07:33:21 +0000  Processing step: IDEDistributionStreamingZipItemStep
2020-01-07 07:33:21 +0000  Skipping step: IDEDistributionStreamingZipItemStep because it said so
2020-01-07 07:33:21 +0000  Processing step: IDEDistributionCreateIPAStep
2020-01-07 07:33:21 +0000  Running /usr/bin/ditto '-V' '-c' '-k' '--norsrc' '/var/folders/db/68wsslkj4nb1p3tblmjqqkkr0000gn/T/XcodeDistPipeline.X1K/Root' '/var/folders/db/68wsslkj4nb1p3tblmjqqkkr0000gn/T/XcodeDistPipeline.X1K/Packages/BluetoothLock.ipa'
2020-01-07 07:33:21 +0000  >>> Copying /var/folders/db/68wsslkj4nb1p3tblmjqqkkr0000gn/T/XcodeDistPipeline.X1K/Root 
2020-01-07 07:33:21 +0000  copying file ./Payload/BluetoothLock.app/_CodeSignature/CodeResources ... 
2020-01-07 07:33:21 +0000  64412 bytes for ./Payload/BluetoothLock.app/_CodeSignature/CodeResources
2020-01-07 07:33:21 +0000  copying file ./Payload/BluetoothLock.app/AppIcon20x20@2x.png ... 
2020-01-07 07:33:21 +0000  2951 bytes for ./Payload/BluetoothLock.app/AppIcon20x20@2x.png
copying file ./Payload/BluetoothLock.app/AppIcon20x20@3x.png ... 
2020-01-07 07:33:21 +0000  4231 bytes for ./Payload/BluetoothLock.app/AppIcon20x20@3x.png
copying file ./Payload/BluetoothLock.app/AppIcon29x29@2x.png ... 
2020-01-07 07:33:21 +0000  4011 bytes for ./Payload/BluetoothLock.app/AppIcon29x29@2x.png
copying file ./Payload/BluetoothLock.app/AppIcon29x29@3x.png ... 
2020-01-07 07:33:21 +0000  5813 bytes for ./Payload/BluetoothLock.app/AppIcon29x29@3x.png
copying file ./Payload/BluetoothLock.app/AppIcon40x40@2x.png ... 
2020-01-07 07:33:21 +0000  5502 bytes for ./Payload/BluetoothLock.app/AppIcon40x40@2x.png
2020-01-07 07:33:21 +0000  copying file ./Payload/BluetoothLock.app/AppIcon40x40@3x.png ... 
2020-01-07 07:33:21 +0000  9309 bytes for ./Payload/BluetoothLock.app/AppIcon40x40@3x.png
copying file ./Payload/BluetoothLock.app/AppIcon60x60@2x.png ... 
2020-01-07 07:33:21 +0000  9309 bytes for ./Payload/BluetoothLock.app/AppIcon60x60@2x.png
2020-01-07 07:33:21 +0000  copying file ./Payload/BluetoothLock.app/AppIcon60x60@3x.png ... 
2020-01-07 07:33:21 +0000  15801 bytes for ./Payload/BluetoothLock.app/AppIcon60x60@3x.png
2020-01-07 07:33:21 +0000  copying file ./Payload/BluetoothLock.app/archived-expanded-entitlements.xcent ... 
246 bytes for ./Payload/BluetoothLock.app/archived-expanded-entitlements.xcent
copying file ./Payload/BluetoothLock.app/Assets.car ... 
2020-01-07 07:33:22 +0000  6947320 bytes for ./Payload/BluetoothLock.app/Assets.car
copying file ./Payload/BluetoothLock.app/AuthItemCell.nib ... 
2020-01-07 07:33:22 +0000  5339 bytes for ./Payload/BluetoothLock.app/AuthItemCell.nib
copying file ./Payload/BluetoothLock.app/Base.lproj/LaunchScreen.storyboardc/01J-lp-oVM-view-Ze5-6b-2t3.nib ... 
2020-01-07 07:33:22 +0000  1791 bytes for ./Payload/BluetoothLock.app/Base.lproj/LaunchScreen.storyboardc/01J-lp-oVM-view-Ze5-6b-2t3.nib
copying file ./Payload/BluetoothLock.app/Base.lproj/LaunchScreen.storyboardc/Info.plist ... 
258 bytes for ./Payload/BluetoothLock.app/Base.lproj/LaunchScreen.storyboardc/Info.plist
copying file ./Payload/BluetoothLock.app/Base.lproj/LaunchScreen.storyboardc/UIViewController-01J-lp-oVM.nib ... 
2020-01-07 07:33:22 +0000  832 bytes for ./Payload/BluetoothLock.app/Base.lproj/LaunchScreen.storyboardc/UIViewController-01J-lp-oVM.nib
copying file ./Payload/BluetoothLock.app/Base.lproj/Main.storyboardc/3Bj-0g-WLM-view-Hw1-6J-WTp.nib/objects-11.0+.nib ... 
2020-01-07 07:33:22 +0000  9173 bytes for ./Payload/BluetoothLock.app/Base.lproj/Main.storyboardc/3Bj-0g-WLM-view-Hw1-6J-WTp.nib/objects-11.0+.nib
copying file ./Payload/BluetoothLock.app/Base.lproj/Main.storyboardc/3Bj-0g-WLM-view-Hw1-6J-WTp.nib/runtime.nib ... 
2020-01-07 07:33:22 +0000  9183 bytes for ./Payload/BluetoothLock.app/Base.lproj/Main.storyboardc/3Bj-0g-WLM-view-Hw1-6J-WTp.nib/runtime.nib
2020-01-07 07:33:22 +0000  copying file ./Payload/BluetoothLock.app/Base.lproj/Main.storyboardc/3Yt-TG-lKA-view-vn7-MY-AMa.nib/objects-11.0+.nib ... 
2020-01-07 07:33:22 +0000  8252 bytes for ./Payload/BluetoothLock.app/Base.lproj/Main.storyboardc/3Yt-TG-lKA-view-vn7-MY-AMa.nib/objects-11.0+.nib
copying file ./Payload/BluetoothLock.app/Base.lproj/Main.storyboardc/3Yt-TG-lKA-view-vn7-MY-AMa.nib/runtime.nib ... 
2020-01-07 07:33:22 +0000  8259 bytes for ./Payload/BluetoothLock.app/Base.lproj/Main.storyboardc/3Yt-TG-lKA-view-vn7-MY-AMa.nib/runtime.nib
2020-01-07 07:33:22 +0000  copying file ./Payload/BluetoothLock.app/Base.lproj/Main.storyboardc/6We-hW-9Vo-view-Pk5-W7-ULY.nib/objects-11.0+.nib ... 
2020-01-07 07:33:22 +0000  7322 bytes for ./Payload/BluetoothLock.app/Base.lproj/Main.storyboardc/6We-hW-9Vo-view-Pk5-W7-ULY.nib/objects-11.0+.nib
copying file ./Payload/BluetoothLock.app/Base.lproj/Main.storyboardc/6We-hW-9Vo-view-Pk5-W7-ULY.nib/runtime.nib ... 
2020-01-07 07:33:22 +0000  7324 bytes for ./Payload/BluetoothLock.app/Base.lproj/Main.storyboardc/6We-hW-9Vo-view-Pk5-W7-ULY.nib/runtime.nib
2020-01-07 07:33:22 +0000  copying file ./Payload/BluetoothLock.app/Base.lproj/Main.storyboardc/AFI-og-nn3-view-Q0o-lp-7JK.nib/objects-11.0+.nib ... 
2020-01-07 07:33:22 +0000  6398 bytes for ./Payload/BluetoothLock.app/Base.lproj/Main.storyboardc/AFI-og-nn3-view-Q0o-lp-7JK.nib/objects-11.0+.nib
copying file ./Payload/BluetoothLock.app/Base.lproj/Main.storyboardc/AFI-og-nn3-view-Q0o-lp-7JK.nib/runtime.nib ... 
2020-01-07 07:33:22 +0000  6398 bytes for ./Payload/BluetoothLock.app/Base.lproj/Main.storyboardc/AFI-og-nn3-view-Q0o-lp-7JK.nib/runtime.nib
2020-01-07 07:33:22 +0000  copying file ./Payload/BluetoothLock.app/Base.lproj/Main.storyboardc/AuthDetail.nib/objects-11.0+.nib ... 
1343 bytes for ./Payload/BluetoothLock.app/Base.lproj/Main.storyboardc/AuthDetail.nib/objects-11.0+.nib
2020-01-07 07:33:22 +0000  copying file ./Payload/BluetoothLock.app/Base.lproj/Main.storyboardc/AuthDetail.nib/runtime.nib ... 
1343 bytes for ./Payload/BluetoothLock.app/Base.lproj/Main.storyboardc/AuthDetail.nib/runtime.nib
2020-01-07 07:33:22 +0000  copying file ./Payload/BluetoothLock.app/Base.lproj/Main.storyboardc/ay1-bc-sVu-view-fNf-wb-Yfc.nib/objects-11.0+.nib ... 
2020-01-07 07:33:22 +0000  7815 bytes for ./Payload/BluetoothLock.app/Base.lproj/Main.storyboardc/ay1-bc-sVu-view-fNf-wb-Yfc.nib/objects-11.0+.nib
copying file ./Payload/BluetoothLock.app/Base.lproj/Main.storyboardc/ay1-bc-sVu-view-fNf-wb-Yfc.nib/runtime.nib ... 
2020-01-07 07:33:22 +0000  7820 bytes for ./Payload/BluetoothLock.app/Base.lproj/Main.storyboardc/ay1-bc-sVu-view-fNf-wb-Yfc.nib/runtime.nib
2020-01-07 07:33:22 +0000  copying file ./Payload/BluetoothLock.app/Base.lproj/Main.storyboardc/bfh-uI-WR2-view-e6U-C0-tcH.nib/objects-11.0+.nib ... 
2020-01-07 07:33:22 +0000  9328 bytes for ./Payload/BluetoothLock.app/Base.lproj/Main.storyboardc/bfh-uI-WR2-view-e6U-C0-tcH.nib/objects-11.0+.nib
2020-01-07 07:33:22 +0000  copying file ./Payload/BluetoothLock.app/Base.lproj/Main.storyboardc/bfh-uI-WR2-view-e6U-C0-tcH.nib/runtime.nib ... 
2020-01-07 07:33:22 +0000  9330 bytes for ./Payload/BluetoothLock.app/Base.lproj/Main.storyboardc/bfh-uI-WR2-view-e6U-C0-tcH.nib/runtime.nib
2020-01-07 07:33:22 +0000  copying file ./Payload/BluetoothLock.app/Base.lproj/Main.storyboardc/Bluetooth.nib/objects-11.0+.nib ... 
1157 bytes for ./Payload/BluetoothLock.app/Base.lproj/Main.storyboardc/Bluetooth.nib/objects-11.0+.nib
2020-01-07 07:33:22 +0000  copying file ./Payload/BluetoothLock.app/Base.lproj/Main.storyboardc/Bluetooth.nib/runtime.nib ... 
1157 bytes for ./Payload/BluetoothLock.app/Base.lproj/Main.storyboardc/Bluetooth.nib/runtime.nib
copying file ./Payload/BluetoothLock.app/Base.lproj/Main.storyboardc/BluetoothConnect.nib/objects-11.0+.nib ... 
2020-01-07 07:33:22 +0000  1166 bytes for ./Payload/BluetoothLock.app/Base.lproj/Main.storyboardc/BluetoothConnect.nib/objects-11.0+.nib
copying file ./Payload/BluetoothLock.app/Base.lproj/Main.storyboardc/BluetoothConnect.nib/runtime.nib ... 
1166 bytes for ./Payload/BluetoothLock.app/Base.lproj/Main.storyboardc/BluetoothConnect.nib/runtime.nib
copying file ./Payload/BluetoothLock.app/Base.lproj/Main.storyboardc/BluetoothUnregistered.nib/objects-11.0+.nib ... 
1482 bytes for ./Payload/BluetoothLock.app/Base.lproj/Main.storyboardc/BluetoothUnregistered.nib/objects-11.0+.nib
copying file ./Payload/BluetoothLock.app/Base.lproj/Main.storyboardc/BluetoothUnregistered.nib/runtime.nib ... 
1482 bytes for ./Payload/BluetoothLock.app/Base.lproj/Main.storyboardc/BluetoothUnregistered.nib/runtime.nib
2020-01-07 07:33:22 +0000  copying file ./Payload/BluetoothLock.app/Base.lproj/Main.storyboardc/BQw-bX-DXP-view-vXc-qW-dMC.nib/objects-11.0+.nib ... 
2020-01-07 07:33:22 +0000  11270 bytes for ./Payload/BluetoothLock.app/Base.lproj/Main.storyboardc/BQw-bX-DXP-view-vXc-qW-dMC.nib/objects-11.0+.nib
2020-01-07 07:33:22 +0000  copying file ./Payload/BluetoothLock.app/Base.lproj/Main.storyboardc/BQw-bX-DXP-view-vXc-qW-dMC.nib/runtime.nib ... 
2020-01-07 07:33:22 +0000  11259 bytes for ./Payload/BluetoothLock.app/Base.lproj/Main.storyboardc/BQw-bX-DXP-view-vXc-qW-dMC.nib/runtime.nib
2020-01-07 07:33:22 +0000  copying file ./Payload/BluetoothLock.app/Base.lproj/Main.storyboardc/BYZ-38-t0r-view-8bC-Xf-vdC.nib/objects-11.0+.nib ... 
2020-01-07 07:33:22 +0000  5221 bytes for ./Payload/BluetoothLock.app/Base.lproj/Main.storyboardc/BYZ-38-t0r-view-8bC-Xf-vdC.nib/objects-11.0+.nib
copying file ./Payload/BluetoothLock.app/Base.lproj/Main.storyboardc/BYZ-38-t0r-view-8bC-Xf-vdC.nib/runtime.nib ... 
2020-01-07 07:33:22 +0000  5222 bytes for ./Payload/BluetoothLock.app/Base.lproj/Main.storyboardc/BYZ-38-t0r-view-8bC-Xf-vdC.nib/runtime.nib
2020-01-07 07:33:22 +0000  copying file ./Payload/BluetoothLock.app/Base.lproj/Main.storyboardc/cCz-gO-LoI-view-gPP-79-9hD.nib/objects-11.0+.nib ... 
2020-01-07 07:33:22 +0000  3161 bytes for ./Payload/BluetoothLock.app/Base.lproj/Main.storyboardc/cCz-gO-LoI-view-gPP-79-9hD.nib/objects-11.0+.nib
copying file ./Payload/BluetoothLock.app/Base.lproj/Main.storyboardc/cCz-gO-LoI-view-gPP-79-9hD.nib/runtime.nib ... 
3164 bytes for ./Payload/BluetoothLock.app/Base.lproj/Main.storyboardc/cCz-gO-LoI-view-gPP-79-9hD.nib/runtime.nib
2020-01-07 07:33:22 +0000  copying file ./Payload/BluetoothLock.app/Base.lproj/Main.storyboardc/cyV-IF-FJV-view-mnn-VT-bCs.nib/objects-11.0+.nib ... 
2020-01-07 07:33:22 +0000  7802 bytes for ./Payload/BluetoothLock.app/Base.lproj/Main.storyboardc/cyV-IF-FJV-view-mnn-VT-bCs.nib/objects-11.0+.nib
copying file ./Payload/BluetoothLock.app/Base.lproj/Main.storyboardc/cyV-IF-FJV-view-mnn-VT-bCs.nib/runtime.nib ... 
2020-01-07 07:33:22 +0000  7814 bytes for ./Payload/BluetoothLock.app/Base.lproj/Main.storyboardc/cyV-IF-FJV-view-mnn-VT-bCs.nib/runtime.nib
2020-01-07 07:33:22 +0000  copying file ./Payload/BluetoothLock.app/Base.lproj/Main.storyboardc/elX-id-9Tt-view-aYL-bR-png.nib/objects-11.0+.nib ... 
2020-01-07 07:33:22 +0000  8727 bytes for ./Payload/BluetoothLock.app/Base.lproj/Main.storyboardc/elX-id-9Tt-view-aYL-bR-png.nib/objects-11.0+.nib
copying file ./Payload/BluetoothLock.app/Base.lproj/Main.storyboardc/elX-id-9Tt-view-aYL-bR-png.nib/runtime.nib ... 
2020-01-07 07:33:22 +0000  8715 bytes for ./Payload/BluetoothLock.app/Base.lproj/Main.storyboardc/elX-id-9Tt-view-aYL-bR-png.nib/runtime.nib
2020-01-07 07:33:22 +0000  copying file ./Payload/BluetoothLock.app/Base.lproj/Main.storyboardc/eqb-d6-CRB-view-AYO-P3-raV.nib/objects-11.0+.nib ... 
2020-01-07 07:33:22 +0000  9012 bytes for ./Payload/BluetoothLock.app/Base.lproj/Main.storyboardc/eqb-d6-CRB-view-AYO-P3-raV.nib/objects-11.0+.nib
copying file ./Payload/BluetoothLock.app/Base.lproj/Main.storyboardc/eqb-d6-CRB-view-AYO-P3-raV.nib/runtime.nib ... 
2020-01-07 07:33:22 +0000  9133 bytes for ./Payload/BluetoothLock.app/Base.lproj/Main.storyboardc/eqb-d6-CRB-view-AYO-P3-raV.nib/runtime.nib
2020-01-07 07:33:22 +0000  copying file ./Payload/BluetoothLock.app/Base.lproj/Main.storyboardc/etB-vz-ZIp-view-Weh-xL-7Vj.nib/objects-11.0+.nib ... 
2020-01-07 07:33:22 +0000  10122 bytes for ./Payload/BluetoothLock.app/Base.lproj/Main.storyboardc/etB-vz-ZIp-view-Weh-xL-7Vj.nib/objects-11.0+.nib
2020-01-07 07:33:22 +0000  copying file ./Payload/BluetoothLock.app/Base.lproj/Main.storyboardc/etB-vz-ZIp-view-Weh-xL-7Vj.nib/runtime.nib ... 
2020-01-07 07:33:22 +0000  10129 bytes for ./Payload/BluetoothLock.app/Base.lproj/Main.storyboardc/etB-vz-ZIp-view-Weh-xL-7Vj.nib/runtime.nib
2020-01-07 07:33:22 +0000  copying file ./Payload/BluetoothLock.app/Base.lproj/Main.storyboardc/FRb-3X-BOH-view-WM6-Yy-rdP.nib/objects-11.0+.nib ... 
1804 bytes for ./Payload/BluetoothLock.app/Base.lproj/Main.storyboardc/FRb-3X-BOH-view-WM6-Yy-rdP.nib/objects-11.0+.nib
2020-01-07 07:33:22 +0000  copying file ./Payload/BluetoothLock.app/Base.lproj/Main.storyboardc/FRb-3X-BOH-view-WM6-Yy-rdP.nib/runtime.nib ... 
1806 bytes for ./Payload/BluetoothLock.app/Base.lproj/Main.storyboardc/FRb-3X-BOH-view-WM6-Yy-rdP.nib/runtime.nib
2020-01-07 07:33:22 +0000  copying file ./Payload/BluetoothLock.app/Base.lproj/Main.storyboardc/g3o-cM-BcG-view-NIU-c1-rjd.nib/objects-11.0+.nib ... 
2020-01-07 07:33:22 +0000  10892 bytes for ./Payload/BluetoothLock.app/Base.lproj/Main.storyboardc/g3o-cM-BcG-view-NIU-c1-rjd.nib/objects-11.0+.nib
copying file ./Payload/BluetoothLock.app/Base.lproj/Main.storyboardc/g3o-cM-BcG-view-NIU-c1-rjd.nib/runtime.nib ... 
2020-01-07 07:33:22 +0000  10889 bytes for ./Payload/BluetoothLock.app/Base.lproj/Main.storyboardc/g3o-cM-BcG-view-NIU-c1-rjd.nib/runtime.nib
2020-01-07 07:33:22 +0000  copying file ./Payload/BluetoothLock.app/Base.lproj/Main.storyboardc/iKe-gv-aRS-view-1tp-wE-3GU.nib/objects-11.0+.nib ... 
2020-01-07 07:33:22 +0000  10797 bytes for ./Payload/BluetoothLock.app/Base.lproj/Main.storyboardc/iKe-gv-aRS-view-1tp-wE-3GU.nib/objects-11.0+.nib
copying file ./Payload/BluetoothLock.app/Base.lproj/Main.storyboardc/iKe-gv-aRS-view-1tp-wE-3GU.nib/runtime.nib ... 
2020-01-07 07:33:22 +0000  10812 bytes for ./Payload/BluetoothLock.app/Base.lproj/Main.storyboardc/iKe-gv-aRS-view-1tp-wE-3GU.nib/runtime.nib
2020-01-07 07:33:22 +0000  copying file ./Payload/BluetoothLock.app/Base.lproj/Main.storyboardc/Info.plist ... 
1627 bytes for ./Payload/BluetoothLock.app/Base.lproj/Main.storyboardc/Info.plist
copying file ./Payload/BluetoothLock.app/Base.lproj/Main.storyboardc/kjp-sv-0iq-view-ItJ-FT-H4k.nib/objects-11.0+.nib ... 
2020-01-07 07:33:22 +0000  2803 bytes for ./Payload/BluetoothLock.app/Base.lproj/Main.storyboardc/kjp-sv-0iq-view-ItJ-FT-H4k.nib/objects-11.0+.nib
copying file ./Payload/BluetoothLock.app/Base.lproj/Main.storyboardc/kjp-sv-0iq-view-ItJ-FT-H4k.nib/runtime.nib ... 
2020-01-07 07:33:22 +0000  2807 bytes for ./Payload/BluetoothLock.app/Base.lproj/Main.storyboardc/kjp-sv-0iq-view-ItJ-FT-H4k.nib/runtime.nib
2020-01-07 07:33:22 +0000  copying file ./Payload/BluetoothLock.app/Base.lproj/Main.storyboardc/Login.nib/objects-11.0+.nib ... 
1009 bytes for ./Payload/BluetoothLock.app/Base.lproj/Main.storyboardc/Login.nib/objects-11.0+.nib
copying file ./Payload/BluetoothLock.app/Base.lproj/Main.storyboardc/Login.nib/runtime.nib ... 
2020-01-07 07:33:22 +0000  1009 bytes for ./Payload/BluetoothLock.app/Base.lproj/Main.storyboardc/Login.nib/runtime.nib
copying file ./Payload/BluetoothLock.app/Base.lproj/Main.storyboardc/MainMenu.nib/objects-11.0+.nib ... 
2020-01-07 07:33:22 +0000  6649 bytes for ./Payload/BluetoothLock.app/Base.lproj/Main.storyboardc/MainMenu.nib/objects-11.0+.nib
2020-01-07 07:33:22 +0000  copying file ./Payload/BluetoothLock.app/Base.lproj/Main.storyboardc/MainMenu.nib/runtime.nib ... 
2020-01-07 07:33:22 +0000  6639 bytes for ./Payload/BluetoothLock.app/Base.lproj/Main.storyboardc/MainMenu.nib/runtime.nib
copying file ./Payload/BluetoothLock.app/Base.lproj/Main.storyboardc/mHM-4Y-ZOt-view-DvC-OW-1gz.nib/objects-11.0+.nib ... 
2020-01-07 07:33:22 +0000  12399 bytes for ./Payload/BluetoothLock.app/Base.lproj/Main.storyboardc/mHM-4Y-ZOt-view-DvC-OW-1gz.nib/objects-11.0+.nib
copying file ./Payload/BluetoothLock.app/Base.lproj/Main.storyboardc/mHM-4Y-ZOt-view-DvC-OW-1gz.nib/runtime.nib ... 
2020-01-07 07:33:22 +0000  12386 bytes for ./Payload/BluetoothLock.app/Base.lproj/Main.storyboardc/mHM-4Y-ZOt-view-DvC-OW-1gz.nib/runtime.nib
2020-01-07 07:33:22 +0000  copying file ./Payload/BluetoothLock.app/Base.lproj/Main.storyboardc/MonitoringRecords.nib/objects-11.0+.nib ... 
1357 bytes for ./Payload/BluetoothLock.app/Base.lproj/Main.storyboardc/MonitoringRecords.nib/objects-11.0+.nib
2020-01-07 07:33:22 +0000  copying file ./Payload/BluetoothLock.app/Base.lproj/Main.storyboardc/MonitoringRecords.nib/runtime.nib ... 
1357 bytes for ./Payload/BluetoothLock.app/Base.lproj/Main.storyboardc/MonitoringRecords.nib/runtime.nib
2020-01-07 07:33:22 +0000  copying file ./Payload/BluetoothLock.app/Base.lproj/Main.storyboardc/mQT-BC-B0x-view-5bH-GG-2Qq.nib/objects-11.0+.nib ... 
2020-01-07 07:33:22 +0000  6437 bytes for ./Payload/BluetoothLock.app/Base.lproj/Main.storyboardc/mQT-BC-B0x-view-5bH-GG-2Qq.nib/objects-11.0+.nib
copying file ./Payload/BluetoothLock.app/Base.lproj/Main.storyboardc/mQT-BC-B0x-view-5bH-GG-2Qq.nib/runtime.nib ... 
2020-01-07 07:33:22 +0000  6440 bytes for ./Payload/BluetoothLock.app/Base.lproj/Main.storyboardc/mQT-BC-B0x-view-5bH-GG-2Qq.nib/runtime.nib
2020-01-07 07:33:22 +0000  copying file ./Payload/BluetoothLock.app/Base.lproj/Main.storyboardc/OpenSearch.nib/objects-11.0+.nib ... 
2020-01-07 07:33:22 +0000  1048 bytes for ./Payload/BluetoothLock.app/Base.lproj/Main.storyboardc/OpenSearch.nib/objects-11.0+.nib
copying file ./Payload/BluetoothLock.app/Base.lproj/Main.storyboardc/OpenSearch.nib/runtime.nib ... 
1048 bytes for ./Payload/BluetoothLock.app/Base.lproj/Main.storyboardc/OpenSearch.nib/runtime.nib
2020-01-07 07:33:22 +0000  copying file ./Payload/BluetoothLock.app/Base.lproj/Main.storyboardc/OXj-aQ-Tz9-view-Dp4-TY-Kd8.nib/objects-11.0+.nib ... 
2020-01-07 07:33:22 +0000  4565 bytes for ./Payload/BluetoothLock.app/Base.lproj/Main.storyboardc/OXj-aQ-Tz9-view-Dp4-TY-Kd8.nib/objects-11.0+.nib
copying file ./Payload/BluetoothLock.app/Base.lproj/Main.storyboardc/OXj-aQ-Tz9-view-Dp4-TY-Kd8.nib/runtime.nib ... 
2020-01-07 07:33:22 +0000  4569 bytes for ./Payload/BluetoothLock.app/Base.lproj/Main.storyboardc/OXj-aQ-Tz9-view-Dp4-TY-Kd8.nib/runtime.nib
2020-01-07 07:33:22 +0000  copying file ./Payload/BluetoothLock.app/Base.lproj/Main.storyboardc/qD1-uC-whA-view-ikf-7d-yAK.nib/objects-11.0+.nib ... 
2020-01-07 07:33:22 +0000  14542 bytes for ./Payload/BluetoothLock.app/Base.lproj/Main.storyboardc/qD1-uC-whA-view-ikf-7d-yAK.nib/objects-11.0+.nib
copying file ./Payload/BluetoothLock.app/Base.lproj/Main.storyboardc/qD1-uC-whA-view-ikf-7d-yAK.nib/runtime.nib ... 
2020-01-07 07:33:22 +0000  14552 bytes for ./Payload/BluetoothLock.app/Base.lproj/Main.storyboardc/qD1-uC-whA-view-ikf-7d-yAK.nib/runtime.nib
2020-01-07 07:33:22 +0000  copying file ./Payload/BluetoothLock.app/Base.lproj/Main.storyboardc/QFn-1v-38c-view-Lxv-BN-dSh.nib/objects-11.0+.nib ... 
2020-01-07 07:33:22 +0000  8738 bytes for ./Payload/BluetoothLock.app/Base.lproj/Main.storyboardc/QFn-1v-38c-view-Lxv-BN-dSh.nib/objects-11.0+.nib
2020-01-07 07:33:22 +0000  copying file ./Payload/BluetoothLock.app/Base.lproj/Main.storyboardc/QFn-1v-38c-view-Lxv-BN-dSh.nib/runtime.nib ... 
2020-01-07 07:33:22 +0000  8751 bytes for ./Payload/BluetoothLock.app/Base.lproj/Main.storyboardc/QFn-1v-38c-view-Lxv-BN-dSh.nib/runtime.nib
2020-01-07 07:33:22 +0000  copying file ./Payload/BluetoothLock.app/Base.lproj/Main.storyboardc/RemoteControl.nib/objects-11.0+.nib ... 
1347 bytes for ./Payload/BluetoothLock.app/Base.lproj/Main.storyboardc/RemoteControl.nib/objects-11.0+.nib
2020-01-07 07:33:22 +0000  copying file ./Payload/BluetoothLock.app/Base.lproj/Main.storyboardc/RemoteControl.nib/runtime.nib ... 
1347 bytes for ./Payload/BluetoothLock.app/Base.lproj/Main.storyboardc/RemoteControl.nib/runtime.nib
copying file ./Payload/BluetoothLock.app/Base.lproj/Main.storyboardc/s6H-od-GzH-view-2yL-Pu-O6A.nib/objects-11.0+.nib ... 
2020-01-07 07:33:22 +0000  8636 bytes for ./Payload/BluetoothLock.app/Base.lproj/Main.storyboardc/s6H-od-GzH-view-2yL-Pu-O6A.nib/objects-11.0+.nib
2020-01-07 07:33:22 +0000  copying file ./Payload/BluetoothLock.app/Base.lproj/Main.storyboardc/s6H-od-GzH-view-2yL-Pu-O6A.nib/runtime.nib ... 
2020-01-07 07:33:22 +0000  8624 bytes for ./Payload/BluetoothLock.app/Base.lproj/Main.storyboardc/s6H-od-GzH-view-2yL-Pu-O6A.nib/runtime.nib
2020-01-07 07:33:22 +0000  copying file ./Payload/BluetoothLock.app/Base.lproj/Main.storyboardc/Smk-Xd-ufy-view-1bz-QE-Km8.nib/objects-11.0+.nib ... 
2020-01-07 07:33:22 +0000  4586 bytes for ./Payload/BluetoothLock.app/Base.lproj/Main.storyboardc/Smk-Xd-ufy-view-1bz-QE-Km8.nib/objects-11.0+.nib
copying file ./Payload/BluetoothLock.app/Base.lproj/Main.storyboardc/Smk-Xd-ufy-view-1bz-QE-Km8.nib/runtime.nib ... 
2020-01-07 07:33:22 +0000  4589 bytes for ./Payload/BluetoothLock.app/Base.lproj/Main.storyboardc/Smk-Xd-ufy-view-1bz-QE-Km8.nib/runtime.nib
2020-01-07 07:33:22 +0000  copying file ./Payload/BluetoothLock.app/Base.lproj/Main.storyboardc/StatusSearch.nib/objects-11.0+.nib ... 
1347 bytes for ./Payload/BluetoothLock.app/Base.lproj/Main.storyboardc/StatusSearch.nib/objects-11.0+.nib
copying file ./Payload/BluetoothLock.app/Base.lproj/Main.storyboardc/StatusSearch.nib/runtime.nib ... 
1347 bytes for ./Payload/BluetoothLock.app/Base.lproj/Main.storyboardc/StatusSearch.nib/runtime.nib
copying file ./Payload/BluetoothLock.app/Base.lproj/Main.storyboardc/tgD-YS-Uc8-view-bGL-Zk-z01.nib/objects-11.0+.nib ... 
2020-01-07 07:33:22 +0000  8617 bytes for ./Payload/BluetoothLock.app/Base.lproj/Main.storyboardc/tgD-YS-Uc8-view-bGL-Zk-z01.nib/objects-11.0+.nib
copying file ./Payload/BluetoothLock.app/Base.lproj/Main.storyboardc/tgD-YS-Uc8-view-bGL-Zk-z01.nib/runtime.nib ... 
8622 bytes for ./Payload/BluetoothLock.app/Base.lproj/Main.storyboardc/tgD-YS-Uc8-view-bGL-Zk-z01.nib/runtime.nib
copying file ./Payload/BluetoothLock.app/Base.lproj/Main.storyboardc/UIViewController-3Yt-TG-lKA.nib/objects-11.0+.nib ... 
2020-01-07 07:33:22 +0000  1422 bytes for ./Payload/BluetoothLock.app/Base.lproj/Main.storyboardc/UIViewController-3Yt-TG-lKA.nib/objects-11.0+.nib
copying file ./Payload/BluetoothLock.app/Base.lproj/Main.storyboardc/UIViewController-3Yt-TG-lKA.nib/runtime.nib ... 
2020-01-07 07:33:22 +0000  1422 bytes for ./Payload/BluetoothLock.app/Base.lproj/Main.storyboardc/UIViewController-3Yt-TG-lKA.nib/runtime.nib
copying file ./Payload/BluetoothLock.app/Base.lproj/Main.storyboardc/UIViewController-AFI-og-nn3.nib/objects-11.0+.nib ... 
1238 bytes for ./Payload/BluetoothLock.app/Base.lproj/Main.storyboardc/UIViewController-AFI-og-nn3.nib/objects-11.0+.nib
copying file ./Payload/BluetoothLock.app/Base.lproj/Main.storyboardc/UIViewController-AFI-og-nn3.nib/runtime.nib ... 
2020-01-07 07:33:22 +0000  1238 bytes for ./Payload/BluetoothLock.app/Base.lproj/Main.storyboardc/UIViewController-AFI-og-nn3.nib/runtime.nib
copying file ./Payload/BluetoothLock.app/Base.lproj/Main.storyboardc/UIViewController-ay1-bc-sVu.nib/objects-11.0+.nib ... 
2020-01-07 07:33:22 +0000  1449 bytes for ./Payload/BluetoothLock.app/Base.lproj/Main.storyboardc/UIViewController-ay1-bc-sVu.nib/objects-11.0+.nib
copying file ./Payload/BluetoothLock.app/Base.lproj/Main.storyboardc/UIViewController-ay1-bc-sVu.nib/runtime.nib ... 
2020-01-07 07:33:22 +0000  1449 bytes for ./Payload/BluetoothLock.app/Base.lproj/Main.storyboardc/UIViewController-ay1-bc-sVu.nib/runtime.nib
copying file ./Payload/BluetoothLock.app/Base.lproj/Main.storyboardc/UIViewController-cCz-gO-LoI.nib/objects-11.0+.nib ... 
1502 bytes for ./Payload/BluetoothLock.app/Base.lproj/Main.storyboardc/UIViewController-cCz-gO-LoI.nib/objects-11.0+.nib
copying file ./Payload/BluetoothLock.app/Base.lproj/Main.storyboardc/UIViewController-cCz-gO-LoI.nib/runtime.nib ... 
2020-01-07 07:33:22 +0000  1502 bytes for ./Payload/BluetoothLock.app/Base.lproj/Main.storyboardc/UIViewController-cCz-gO-LoI.nib/runtime.nib
copying file ./Payload/BluetoothLock.app/Base.lproj/Main.storyboardc/UIViewController-cyV-IF-FJV.nib/objects-11.0+.nib ... 
971 bytes for ./Payload/BluetoothLock.app/Base.lproj/Main.storyboardc/UIViewController-cyV-IF-FJV.nib/objects-11.0+.nib
2020-01-07 07:33:22 +0000  copying file ./Payload/BluetoothLock.app/Base.lproj/Main.storyboardc/UIViewController-cyV-IF-FJV.nib/runtime.nib ... 
971 bytes for ./Payload/BluetoothLock.app/Base.lproj/Main.storyboardc/UIViewController-cyV-IF-FJV.nib/runtime.nib
2020-01-07 07:33:22 +0000  copying file ./Payload/BluetoothLock.app/Base.lproj/Main.storyboardc/UIViewController-FRb-3X-BOH.nib/objects-11.0+.nib ... 
1356 bytes for ./Payload/BluetoothLock.app/Base.lproj/Main.storyboardc/UIViewController-FRb-3X-BOH.nib/objects-11.0+.nib
copying file ./Payload/BluetoothLock.app/Base.lproj/Main.storyboardc/UIViewController-FRb-3X-BOH.nib/runtime.nib ... 
2020-01-07 07:33:22 +0000  1356 bytes for ./Payload/BluetoothLock.app/Base.lproj/Main.storyboardc/UIViewController-FRb-3X-BOH.nib/runtime.nib
copying file ./Payload/BluetoothLock.app/Base.lproj/Main.storyboardc/UIViewController-g3o-cM-BcG.nib/objects-11.0+.nib ... 
2020-01-07 07:33:22 +0000  1176 bytes for ./Payload/BluetoothLock.app/Base.lproj/Main.storyboardc/UIViewController-g3o-cM-BcG.nib/objects-11.0+.nib
copying file ./Payload/BluetoothLock.app/Base.lproj/Main.storyboardc/UIViewController-g3o-cM-BcG.nib/runtime.nib ... 
2020-01-07 07:33:22 +0000  1176 bytes for ./Payload/BluetoothLock.app/Base.lproj/Main.storyboardc/UIViewController-g3o-cM-BcG.nib/runtime.nib
copying file ./Payload/BluetoothLock.app/Base.lproj/Main.storyboardc/UIViewController-kjp-sv-0iq.nib/objects-11.0+.nib ... 
2020-01-07 07:33:22 +0000  973 bytes for ./Payload/BluetoothLock.app/Base.lproj/Main.storyboardc/UIViewController-kjp-sv-0iq.nib/objects-11.0+.nib
copying file ./Payload/BluetoothLock.app/Base.lproj/Main.storyboardc/UIViewController-kjp-sv-0iq.nib/runtime.nib ... 
973 bytes for ./Payload/BluetoothLock.app/Base.lproj/Main.storyboardc/UIViewController-kjp-sv-0iq.nib/runtime.nib
2020-01-07 07:33:22 +0000  copying file ./Payload/BluetoothLock.app/Base.lproj/Main.storyboardc/UIViewController-mQT-BC-B0x.nib/objects-11.0+.nib ... 
1238 bytes for ./Payload/BluetoothLock.app/Base.lproj/Main.storyboardc/UIViewController-mQT-BC-B0x.nib/objects-11.0+.nib
copying file ./Payload/BluetoothLock.app/Base.lproj/Main.storyboardc/UIViewController-mQT-BC-B0x.nib/runtime.nib ... 
2020-01-07 07:33:22 +0000  1238 bytes for ./Payload/BluetoothLock.app/Base.lproj/Main.storyboardc/UIViewController-mQT-BC-B0x.nib/runtime.nib
copying file ./Payload/BluetoothLock.app/Base.lproj/Main.storyboardc/UIViewController-OXj-aQ-Tz9.nib/objects-11.0+.nib ... 
2020-01-07 07:33:22 +0000  1120 bytes for ./Payload/BluetoothLock.app/Base.lproj/Main.storyboardc/UIViewController-OXj-aQ-Tz9.nib/objects-11.0+.nib
copying file ./Payload/BluetoothLock.app/Base.lproj/Main.storyboardc/UIViewController-OXj-aQ-Tz9.nib/runtime.nib ... 
2020-01-07 07:33:22 +0000  1120 bytes for ./Payload/BluetoothLock.app/Base.lproj/Main.storyboardc/UIViewController-OXj-aQ-Tz9.nib/runtime.nib
copying file ./Payload/BluetoothLock.app/Base.lproj/Main.storyboardc/UIViewController-qD1-uC-whA.nib/objects-11.0+.nib ... 
2020-01-07 07:33:22 +0000  1417 bytes for ./Payload/BluetoothLock.app/Base.lproj/Main.storyboardc/UIViewController-qD1-uC-whA.nib/objects-11.0+.nib
copying file ./Payload/BluetoothLock.app/Base.lproj/Main.storyboardc/UIViewController-qD1-uC-whA.nib/runtime.nib ... 
1417 bytes for ./Payload/BluetoothLock.app/Base.lproj/Main.storyboardc/UIViewController-qD1-uC-whA.nib/runtime.nib
2020-01-07 07:33:22 +0000  copying file ./Payload/BluetoothLock.app/Base.lproj/Main.storyboardc/UIViewController-s6H-od-GzH.nib/objects-11.0+.nib ... 
1244 bytes for ./Payload/BluetoothLock.app/Base.lproj/Main.storyboardc/UIViewController-s6H-od-GzH.nib/objects-11.0+.nib
2020-01-07 07:33:22 +0000  copying file ./Payload/BluetoothLock.app/Base.lproj/Main.storyboardc/UIViewController-s6H-od-GzH.nib/runtime.nib ... 
1244 bytes for ./Payload/BluetoothLock.app/Base.lproj/Main.storyboardc/UIViewController-s6H-od-GzH.nib/runtime.nib
copying file ./Payload/BluetoothLock.app/Base.lproj/Main.storyboardc/UIViewController-Smk-Xd-ufy.nib/objects-11.0+.nib ... 
1124 bytes for ./Payload/BluetoothLock.app/Base.lproj/Main.storyboardc/UIViewController-Smk-Xd-ufy.nib/objects-11.0+.nib
copying file ./Payload/BluetoothLock.app/Base.lproj/Main.storyboardc/UIViewController-Smk-Xd-ufy.nib/runtime.nib ... 
2020-01-07 07:33:22 +0000  1124 bytes for ./Payload/BluetoothLock.app/Base.lproj/Main.storyboardc/UIViewController-Smk-Xd-ufy.nib/runtime.nib
2020-01-07 07:33:22 +0000  copying file ./Payload/BluetoothLock.app/Base.lproj/Main.storyboardc/UIViewController-tgD-YS-Uc8.nib/objects-11.0+.nib ... 
1004 bytes for ./Payload/BluetoothLock.app/Base.lproj/Main.storyboardc/UIViewController-tgD-YS-Uc8.nib/objects-11.0+.nib
copying file ./Payload/BluetoothLock.app/Base.lproj/Main.storyboardc/UIViewController-tgD-YS-Uc8.nib/runtime.nib ... 
1004 bytes for ./Payload/BluetoothLock.app/Base.lproj/Main.storyboardc/UIViewController-tgD-YS-Uc8.nib/runtime.nib
copying file ./Payload/BluetoothLock.app/Base.lproj/Main.storyboardc/UIViewController-WWC-69-VwQ.nib/objects-11.0+.nib ... 
1445 bytes for ./Payload/BluetoothLock.app/Base.lproj/Main.storyboardc/UIViewController-WWC-69-VwQ.nib/objects-11.0+.nib
copying file ./Payload/BluetoothLock.app/Base.lproj/Main.storyboardc/UIViewController-WWC-69-VwQ.nib/runtime.nib ... 
2020-01-07 07:33:22 +0000  1445 bytes for ./Payload/BluetoothLock.app/Base.lproj/Main.storyboardc/UIViewController-WWC-69-VwQ.nib/runtime.nib
copying file ./Payload/BluetoothLock.app/Base.lproj/Main.storyboardc/UIViewController-Z2u-yD-kZj.nib/objects-11.0+.nib ... 
1119 bytes for ./Payload/BluetoothLock.app/Base.lproj/Main.storyboardc/UIViewController-Z2u-yD-kZj.nib/objects-11.0+.nib
copying file ./Payload/BluetoothLock.app/Base.lproj/Main.storyboardc/UIViewController-Z2u-yD-kZj.nib/runtime.nib ... 
1119 bytes for ./Payload/BluetoothLock.app/Base.lproj/Main.storyboardc/UIViewController-Z2u-yD-kZj.nib/runtime.nib
copying file ./Payload/BluetoothLock.app/Base.lproj/Main.storyboardc/UIViewController-Z6K-9h-535.nib/objects-11.0+.nib ... 
2020-01-07 07:33:22 +0000  1415 bytes for ./Payload/BluetoothLock.app/Base.lproj/Main.storyboardc/UIViewController-Z6K-9h-535.nib/objects-11.0+.nib
copying file ./Payload/BluetoothLock.app/Base.lproj/Main.storyboardc/UIViewController-Z6K-9h-535.nib/runtime.nib ... 
2020-01-07 07:33:22 +0000  1415 bytes for ./Payload/BluetoothLock.app/Base.lproj/Main.storyboardc/UIViewController-Z6K-9h-535.nib/runtime.nib
copying file ./Payload/BluetoothLock.app/Base.lproj/Main.storyboardc/vvV-Y6-IJ5-view-V6H-tx-wCm.nib/objects-11.0+.nib ... 
2020-01-07 07:33:22 +0000  1803 bytes for ./Payload/BluetoothLock.app/Base.lproj/Main.storyboardc/vvV-Y6-IJ5-view-V6H-tx-wCm.nib/objects-11.0+.nib
copying file ./Payload/BluetoothLock.app/Base.lproj/Main.storyboardc/vvV-Y6-IJ5-view-V6H-tx-wCm.nib/runtime.nib ... 
2020-01-07 07:33:22 +0000  1806 bytes for ./Payload/BluetoothLock.app/Base.lproj/Main.storyboardc/vvV-Y6-IJ5-view-V6H-tx-wCm.nib/runtime.nib
copying file ./Payload/BluetoothLock.app/Base.lproj/Main.storyboardc/WWC-69-VwQ-view-9fx-6h-5DD.nib/objects-11.0+.nib ... 
2020-01-07 07:33:22 +0000  11286 bytes for ./Payload/BluetoothLock.app/Base.lproj/Main.storyboardc/WWC-69-VwQ-view-9fx-6h-5DD.nib/objects-11.0+.nib
2020-01-07 07:33:22 +0000  copying file ./Payload/BluetoothLock.app/Base.lproj/Main.storyboardc/WWC-69-VwQ-view-9fx-6h-5DD.nib/runtime.nib ... 
2020-01-07 07:33:22 +0000  11285 bytes for ./Payload/BluetoothLock.app/Base.lproj/Main.storyboardc/WWC-69-VwQ-view-9fx-6h-5DD.nib/runtime.nib
2020-01-07 07:33:22 +0000  copying file ./Payload/BluetoothLock.app/Base.lproj/Main.storyboardc/Yqc-hm-So7-view-uw0-3L-yAc.nib/objects-11.0+.nib ... 
2020-01-07 07:33:22 +0000  5972 bytes for ./Payload/BluetoothLock.app/Base.lproj/Main.storyboardc/Yqc-hm-So7-view-uw0-3L-yAc.nib/objects-11.0+.nib
copying file ./Payload/BluetoothLock.app/Base.lproj/Main.storyboardc/Yqc-hm-So7-view-uw0-3L-yAc.nib/runtime.nib ... 
2020-01-07 07:33:22 +0000  5980 bytes for ./Payload/BluetoothLock.app/Base.lproj/Main.storyboardc/Yqc-hm-So7-view-uw0-3L-yAc.nib/runtime.nib
2020-01-07 07:33:22 +0000  copying file ./Payload/BluetoothLock.app/Base.lproj/Main.storyboardc/Z2u-yD-kZj-view-6iZ-XW-ytM.nib/objects-11.0+.nib ... 
2020-01-07 07:33:22 +0000  2802 bytes for ./Payload/BluetoothLock.app/Base.lproj/Main.storyboardc/Z2u-yD-kZj-view-6iZ-XW-ytM.nib/objects-11.0+.nib
copying file ./Payload/BluetoothLock.app/Base.lproj/Main.storyboardc/Z2u-yD-kZj-view-6iZ-XW-ytM.nib/runtime.nib ... 
2020-01-07 07:33:22 +0000  2805 bytes for ./Payload/BluetoothLock.app/Base.lproj/Main.storyboardc/Z2u-yD-kZj-view-6iZ-XW-ytM.nib/runtime.nib
copying file ./Payload/BluetoothLock.app/Base.lproj/Main.storyboardc/Z6K-9h-535-view-VCR-pA-S0J.nib/objects-11.0+.nib ... 
2020-01-07 07:33:22 +0000  14465 bytes for ./Payload/BluetoothLock.app/Base.lproj/Main.storyboardc/Z6K-9h-535-view-VCR-pA-S0J.nib/objects-11.0+.nib
copying file ./Payload/BluetoothLock.app/Base.lproj/Main.storyboardc/Z6K-9h-535-view-VCR-pA-S0J.nib/runtime.nib ... 
2020-01-07 07:33:22 +0000  14479 bytes for ./Payload/BluetoothLock.app/Base.lproj/Main.storyboardc/Z6K-9h-535-view-VCR-pA-S0J.nib/runtime.nib
2020-01-07 07:33:22 +0000  copying file ./Payload/BluetoothLock.app/BluetoothListCell.nib ... 
2020-01-07 07:33:22 +0000  3586 bytes for ./Payload/BluetoothLock.app/BluetoothListCell.nib
copying file ./Payload/BluetoothLock.app/BluetoothLock ... 
2020-01-07 07:33:22 +0000  3725120 bytes for ./Payload/BluetoothLock.app/BluetoothLock
2020-01-07 07:33:22 +0000  copying file ./Payload/BluetoothLock.app/BPushCerResource.bundle/BPushVerisignroot.der ... 
1239 bytes for ./Payload/BluetoothLock.app/BPushCerResource.bundle/BPushVerisignroot.der
copying file ./Payload/BluetoothLock.app/close.png ... 
2020-01-07 07:33:22 +0000  438 bytes for ./Payload/BluetoothLock.app/close.png
copying file ./Payload/BluetoothLock.app/close@2x.png ... 
800 bytes for ./Payload/BluetoothLock.app/close@2x.png
copying file ./Payload/BluetoothLock.app/close@3x.png ... 
2020-01-07 07:33:22 +0000  1243 bytes for ./Payload/BluetoothLock.app/close@3x.png
copying file ./Payload/BluetoothLock.app/embedded.mobileprovision ... 
2020-01-07 07:33:22 +0000  7443 bytes for ./Payload/BluetoothLock.app/embedded.mobileprovision
2020-01-07 07:33:22 +0000  copying file ./Payload/BluetoothLock.app/HWCollectionViewCell.nib ... 
2020-01-07 07:33:22 +0000  3188 bytes for ./Payload/BluetoothLock.app/HWCollectionViewCell.nib
copying file ./Payload/BluetoothLock.app/ico_check_nomal.png ... 
598 bytes for ./Payload/BluetoothLock.app/ico_check_nomal.png
copying file ./Payload/BluetoothLock.app/ico_check_nomal@2x.png ... 
2020-01-07 07:33:22 +0000  1204 bytes for ./Payload/BluetoothLock.app/ico_check_nomal@2x.png
copying file ./Payload/BluetoothLock.app/ico_check_nomal@3x.png ... 
2020-01-07 07:33:22 +0000  2040 bytes for ./Payload/BluetoothLock.app/ico_check_nomal@3x.png
copying file ./Payload/BluetoothLock.app/ico_check_select.png ... 
506 bytes for ./Payload/BluetoothLock.app/ico_check_select.png
copying file ./Payload/BluetoothLock.app/ico_check_select@2x.png ... 
2020-01-07 07:33:22 +0000  1002 bytes for ./Payload/BluetoothLock.app/ico_check_select@2x.png
copying file ./Payload/BluetoothLock.app/ico_check_select@3x.png ... 
2020-01-07 07:33:22 +0000  1572 bytes for ./Payload/BluetoothLock.app/ico_check_select@3x.png
copying file ./Payload/BluetoothLock.app/Info.plist ... 
2020-01-07 07:33:22 +0000  2053 bytes for ./Payload/BluetoothLock.app/Info.plist
copying file ./Payload/BluetoothLock.app/LaunchImage-1100-Portrait-2436h@3x.png ... 
2020-01-07 07:33:22 +0000  736188 bytes for ./Payload/BluetoothLock.app/LaunchImage-1100-Portrait-2436h@3x.png
copying file ./Payload/BluetoothLock.app/LaunchImage-700-568h@2x.png ... 
2020-01-07 07:33:22 +0000  255944 bytes for ./Payload/BluetoothLock.app/LaunchImage-700-568h@2x.png
copying file ./Payload/BluetoothLock.app/LaunchImage-700@2x.png ... 
2020-01-07 07:33:22 +0000  264513 bytes for ./Payload/BluetoothLock.app/LaunchImage-700@2x.png
2020-01-07 07:33:22 +0000  copying file ./Payload/BluetoothLock.app/LaunchImage-800-667h@2x.png ... 
2020-01-07 07:33:22 +0000  289807 bytes for ./Payload/BluetoothLock.app/LaunchImage-800-667h@2x.png
copying file ./Payload/BluetoothLock.app/LaunchImage-800-Portrait-736h@3x.png ... 
2020-01-07 07:33:22 +0000  523836 bytes for ./Payload/BluetoothLock.app/LaunchImage-800-Portrait-736h@3x.png
2020-01-07 07:33:22 +0000  copying file ./Payload/BluetoothLock.app/MainCollectionViewCell.nib ... 
2911 bytes for ./Payload/BluetoothLock.app/MainCollectionViewCell.nib
copying file ./Payload/BluetoothLock.app/messageIn.caf ... 
2020-01-07 07:33:22 +0000  162856 bytes for ./Payload/BluetoothLock.app/messageIn.caf
copying file ./Payload/BluetoothLock.app/MGroupCell.nib ... 
2020-01-07 07:33:22 +0000  2964 bytes for ./Payload/BluetoothLock.app/MGroupCell.nib
copying file ./Payload/BluetoothLock.app/MImaCell.nib ... 
2020-01-07 07:33:22 +0000  3219 bytes for ./Payload/BluetoothLock.app/MImaCell.nib
copying file ./Payload/BluetoothLock.app/MJRefresh.bundle/arrow@2x.png ... 
1033 bytes for ./Payload/BluetoothLock.app/MJRefresh.bundle/arrow@2x.png
2020-01-07 07:33:22 +0000  copying file ./Payload/BluetoothLock.app/MJRefresh.bundle/en.lproj/Localizable.strings ... 
1372 bytes for ./Payload/BluetoothLock.app/MJRefresh.bundle/en.lproj/Localizable.strings
copying file ./Payload/BluetoothLock.app/MJRefresh.bundle/zh-Hans.lproj/Localizable.strings ... 
2020-01-07 07:33:22 +0000  1194 bytes for ./Payload/BluetoothLock.app/MJRefresh.bundle/zh-Hans.lproj/Localizable.strings
copying file ./Payload/BluetoothLock.app/MJRefresh.bundle/zh-Hant.lproj/Localizable.strings ... 
773 bytes for ./Payload/BluetoothLock.app/MJRefresh.bundle/zh-Hant.lproj/Localizable.strings
2020-01-07 07:33:22 +0000  copying file ./Payload/BluetoothLock.app/none.png ... 
2020-01-07 07:33:22 +0000  2825 bytes for ./Payload/BluetoothLock.app/none.png
copying file ./Payload/BluetoothLock.app/PkgInfo ... 
8 bytes for ./Payload/BluetoothLock.app/PkgInfo
copying file ./Payload/BluetoothLock.app/plus.png ... 
2020-01-07 07:33:22 +0000  787 bytes for ./Payload/BluetoothLock.app/plus.png
copying file ./Payload/BluetoothLock.app/plus@2x.png ... 
1396 bytes for ./Payload/BluetoothLock.app/plus@2x.png
copying file ./Payload/BluetoothLock.app/plus@3x.png ... 
2020-01-07 07:33:22 +0000  2161 bytes for ./Payload/BluetoothLock.app/plus@3x.png
copying file ./Payload/BluetoothLock.app/scanFlashlight@2x.png ... 
2020-01-07 07:33:22 +0000  5994 bytes for ./Payload/BluetoothLock.app/scanFlashlight@2x.png
2020-01-07 07:33:22 +0000  copying file ./Payload/BluetoothLock.app/scanFlashlight@3x.png ... 
2020-01-07 07:33:22 +0000  7663 bytes for ./Payload/BluetoothLock.app/scanFlashlight@3x.png
copying file ./Payload/BluetoothLock.app/scanLine@2x.png ... 
2020-01-07 07:33:22 +0000  8866 bytes for ./Payload/BluetoothLock.app/scanLine@2x.png
copying file ./Payload/BluetoothLock.app/test.caf ... 
2020-01-07 07:33:22 +0000  1060562 bytes for ./Payload/BluetoothLock.app/test.caf
copying file ./Payload/BluetoothLock.app/WarningItemCell.nib ... 
2020-01-07 07:33:22 +0000  6186 bytes for ./Payload/BluetoothLock.app/WarningItemCell.nib
2020-01-07 07:33:22 +0000  copying file ./Payload/BluetoothLock.app/WarningTreatedCell.nib ... 
2020-01-07 07:33:22 +0000  7201 bytes for ./Payload/BluetoothLock.app/WarningTreatedCell.nib
copying file ./Payload/BluetoothLock.app/WarningUntreatedCell.nib ... 
2020-01-07 07:33:22 +0000  7384 bytes for ./Payload/BluetoothLock.app/WarningUntreatedCell.nib
copying file ./Payload/BluetoothLock.app/WarnPopupView.nib ... 
2020-01-07 07:33:22 +0000  6170 bytes for ./Payload/BluetoothLock.app/WarnPopupView.nib
2020-01-07 07:33:22 +0000  /usr/bin/ditto exited with 0
2020-01-07 07:33:22 +0000  Processing step: IDEDistributionCreateManifestStep
